2026-06-21 13:01:35 INFO  [http-nio-8080-exec-7] APP_LOGGER - UserService method sendVerificationEmail executed successfully.
2026-06-21 13:01:35 INFO  [http-nio-8080-exec-7] APP_LOGGER - User registered -> User Id: 11840661-572b-4264-b14e-8adc08ad4534.
2026-06-21 13:01:35 INFO  [http-nio-8080-exec-7] APP_LOGGER - UserService method registerUser executed successfully.
2026-06-21 13:02:24 INFO  [http-nio-8080-exec-10] APP_LOGGER - UserService method loadUserByUsername executed successfully.
2026-06-21 13:02:25 INFO  [http-nio-8080-exec-10] APP_LOGGER - UserService method generateToken executed successfully.
2026-06-21 13:02:25 INFO  [http-nio-8080-exec-10] APP_LOGGER - UserService method createRefreshToken executed successfully.
2026-06-21 13:02:25 INFO  [http-nio-8080-exec-6] APP_LOGGER - UserService method extractUsername executed successfully.
2026-06-21 13:02:25 INFO  [http-nio-8080-exec-6] APP_LOGGER - UserService method loadUserByUsername executed successfully.
2026-06-21 13:02:25 INFO  [http-nio-8080-exec-6] APP_LOGGER - UserService method validateToken executed successfully.
2026-06-21 13:02:25 INFO  [http-nio-8080-exec-6] APP_LOGGER - UserService method getUserDetails executed successfully.
2026-06-21 13:02:25 INFO  [http-nio-8080-exec-2] APP_LOGGER - UserService method extractUsername executed successfully.
2026-06-21 13:02:25 INFO  [http-nio-8080-exec-3] APP_LOGGER - UserService method extractUsername executed successfully.
2026-06-21 13:02:25 INFO  [http-nio-8080-exec-8] APP_LOGGER - UserService method extractUsername executed successfully.
2026-06-21 13:02:25 INFO  [http-nio-8080-exec-9] APP_LOGGER - UserService method extractUsername executed successfully.
2026-06-21 13:02:25 INFO  [http-nio-8080-exec-2] APP_LOGGER - UserService method loadUserByUsername executed successfully.
2026-06-21 13:02:25 INFO  [http-nio-8080-exec-2] APP_LOGGER - UserService method validateToken executed successfully.
2026-06-21 13:02:25 INFO  [http-nio-8080-exec-8] APP_LOGGER - UserService method loadUserByUsername executed successfully.
2026-06-21 13:02:25 INFO  [http-nio-8080-exec-9] APP_LOGGER - UserService method loadUserByUsername executed successfully.
2026-06-21 13:02:25 INFO  [http-nio-8080-exec-3] APP_LOGGER - UserService method loadUserByUsername executed successfully.
2026-06-21 13:02:25 INFO  [http-nio-8080-exec-9] APP_LOGGER - UserService method validateToken executed successfully.
2026-06-21 13:02:25 INFO  [http-nio-8080-exec-3] APP_LOGGER - UserService method validateToken executed successfully.
2026-06-21 13:02:25 INFO  [http-nio-8080-exec-8] APP_LOGGER - UserService method validateToken executed successfully.
2026-06-21 13:02:25 INFO  [http-nio-8080-exec-8] APP_LOGGER - UserService method getAllBudgets executed successfully.
2026-06-21 13:02:25 INFO  [http-nio-8080-exec-2] APP_LOGGER - UserService method calculateTotalBalance executed successfully.
2026-06-21 13:02:25 INFO  [http-nio-8080-exec-3] APP_LOGGER - UserService method getUserWallets executed successfully.
2026-06-21 13:02:25 INFO  [http-nio-8080-exec-4] APP_LOGGER - UserService method extractUsername executed successfully.
2026-06-21 13:02:25 INFO  [http-nio-8080-exec-4] APP_LOGGER - UserService method loadUserByUsername executed successfully.
2026-06-21 13:02:25 INFO  [http-nio-8080-exec-4] APP_LOGGER - UserService method validateToken executed successfully.
2026-06-21 13:02:25 INFO  [http-nio-8080-exec-1] APP_LOGGER - UserService method extractUsername executed successfully.
2026-06-21 13:02:25 INFO  [http-nio-8080-exec-5] APP_LOGGER - UserService method extractUsername executed successfully.
2026-06-21 13:02:25 INFO  [http-nio-8080-exec-4] APP_LOGGER - UserService method calculateTotalBalance executed successfully.
2026-06-21 13:02:25 INFO  [http-nio-8080-exec-1] APP_LOGGER - UserService method loadUserByUsername executed successfully.
2026-06-21 13:02:25 INFO  [http-nio-8080-exec-1] APP_LOGGER - UserService method validateToken executed successfully.
2026-06-21 13:02:25 INFO  [http-nio-8080-exec-5] APP_LOGGER - UserService method loadUserByUsername executed successfully.
2026-06-21 13:02:25 INFO  [http-nio-8080-exec-5] APP_LOGGER - UserService method validateToken executed successfully.
2026-06-21 13:02:25 INFO  [http-nio-8080-exec-1] APP_LOGGER - UserService method getUserWallets executed successfully.
2026-06-21 13:02:25 INFO  [http-nio-8080-exec-5] APP_LOGGER - UserService method getAllBudgets executed successfully.
2026-06-21 13:02:25 INFO  [http-nio-8080-exec-9] APP_LOGGER - UserService method getAllTransactionUser executed successfully.
2026-06-21 13:02:25 INFO  [http-nio-8080-exec-7] APP_LOGGER - UserService method extractUsername executed successfully.
2026-06-21 13:02:25 INFO  [http-nio-8080-exec-7] APP_LOGGER - UserService method loadUserByUsername executed successfully.
2026-06-21 13:02:25 INFO  [http-nio-8080-exec-7] APP_LOGGER - UserService method validateToken executed successfully.
2026-06-21 13:02:25 INFO  [http-nio-8080-exec-7] APP_LOGGER - UserService method getAllTransactionUser executed successfully.
2026-06-21 13:08:42 INFO  [http-nio-8080-exec-5] APP_LOGGER - UserService method extractUsername executed successfully.
2026-06-21 13:08:42 INFO  [http-nio-8080-exec-2] APP_LOGGER - UserService method extractUsername executed successfully.
2026-06-21 13:08:42 INFO  [http-nio-8080-exec-1] APP_LOGGER - UserService method extractUsername executed successfully.
2026-06-21 13:08:42 INFO  [http-nio-8080-exec-9] APP_LOGGER - UserService method extractUsername executed successfully.
2026-06-21 13:08:42 INFO  [http-nio-8080-exec-4] APP_LOGGER - UserService method extractUsername executed successfully.
2026-06-21 13:08:42 INFO  [http-nio-8080-exec-7] APP_LOGGER - UserService method extractUsername executed successfully.
2026-06-21 13:08:42 INFO  [http-nio-8080-exec-8] APP_LOGGER - UserService method extractUsername executed successfully.
2026-06-21 13:08:42 INFO  [http-nio-8080-exec-6] APP_LOGGER - UserService method extractUsername executed successfully.
2026-06-21 21:13:27 INFO  [http-nio-8080-exec-2] APP_LOGGER - UserService method sendVerificationEmail executed successfully.
2026-06-21 21:13:27 INFO  [http-nio-8080-exec-2] APP_LOGGER - User registered -> User Id: 9fa7b340-a4a6-4419-a880-f37eae85d9de.
2026-06-21 21:13:27 INFO  [http-nio-8080-exec-2] APP_LOGGER - UserService method registerUser executed successfully.
2026-06-21 21:13:45 INFO  [http-nio-8080-exec-5] APP_LOGGER - UserService method loadUserByUsername executed successfully.
2026-06-21 21:13:50 INFO  [http-nio-8080-exec-6] APP_LOGGER - UserService method loadUserByUsername executed successfully.
2026-06-21 21:13:50 INFO  [http-nio-8080-exec-6] APP_LOGGER - UserService method generateToken executed successfully.
2026-06-21 21:13:50 INFO  [http-nio-8080-exec-6] APP_LOGGER - UserService method createRefreshToken executed successfully.
2026-06-21 21:13:50 INFO  [http-nio-8080-exec-3] APP_LOGGER - UserService method extractUsername executed successfully.
2026-06-21 21:13:51 INFO  [http-nio-8080-exec-3] APP_LOGGER - UserService method loadUserByUsername executed successfully.
2026-06-21 21:13:51 INFO  [http-nio-8080-exec-3] APP_LOGGER - UserService method validateToken executed successfully.
2026-06-21 21:13:51 INFO  [http-nio-8080-exec-3] APP_LOGGER - UserService method getUserDetails executed successfully.
2026-06-21 21:13:51 INFO  [http-nio-8080-exec-4] APP_LOGGER - UserService method extractUsername executed successfully.
2026-06-21 21:13:51 INFO  [http-nio-8080-exec-8] APP_LOGGER - UserService method extractUsername executed successfully.
2026-06-21 21:13:51 INFO  [http-nio-8080-exec-9] APP_LOGGER - UserService method extractUsername executed successfully.
2026-06-21 21:13:51 INFO  [http-nio-8080-exec-7] APP_LOGGER - UserService method extractUsername executed successfully.
2026-06-21 21:13:51 INFO  [http-nio-8080-exec-7] APP_LOGGER - UserService method loadUserByUsername executed successfully.
2026-06-21 21:13:51 INFO  [http-nio-8080-exec-4] APP_LOGGER - UserService method loadUserByUsername executed successfully.
2026-06-21 21:13:51 INFO  [http-nio-8080-exec-9] APP_LOGGER - UserService method loadUserByUsername executed successfully.
2026-06-21 21:13:51 INFO  [http-nio-8080-exec-8] APP_LOGGER - UserService method loadUserByUsername executed successfully.
2026-06-21 21:13:51 INFO  [http-nio-8080-exec-7] APP_LOGGER - UserService method validateToken executed successfully.
2026-06-21 21:13:51 INFO  [http-nio-8080-exec-4] APP_LOGGER - UserService method validateToken executed successfully.
2026-06-21 21:13:51 INFO  [http-nio-8080-exec-9] APP_LOGGER - UserService method validateToken executed successfully.
2026-06-21 21:13:51 INFO  [http-nio-8080-exec-8] APP_LOGGER - UserService method validateToken executed successfully.
2026-06-21 21:13:51 INFO  [http-nio-8080-exec-4] APP_LOGGER - UserService method getAllBudgets executed successfully.
2026-06-21 21:13:51 INFO  [http-nio-8080-exec-7] APP_LOGGER - UserService method calculateTotalBalance executed successfully.
2026-06-21 21:13:51 INFO  [http-nio-8080-exec-8] APP_LOGGER - UserService method getUserWallets executed successfully.
2026-06-21 21:13:51 INFO  [http-nio-8080-exec-10] APP_LOGGER - UserService method extractUsername executed successfully.
2026-06-21 21:13:51 INFO  [http-nio-8080-exec-10] APP_LOGGER - UserService method loadUserByUsername executed successfully.
2026-06-21 21:13:51 INFO  [http-nio-8080-exec-10] APP_LOGGER - UserService method validateToken executed successfully.
2026-06-21 21:13:51 INFO  [http-nio-8080-exec-1] APP_LOGGER - UserService method extractUsername executed successfully.
2026-06-21 21:13:51 INFO  [http-nio-8080-exec-2] APP_LOGGER - UserService method extractUsername executed successfully.
2026-06-21 21:13:51 INFO  [http-nio-8080-exec-1] APP_LOGGER - UserService method loadUserByUsername executed successfully.
2026-06-21 21:13:51 INFO  [http-nio-8080-exec-2] APP_LOGGER - UserService method loadUserByUsername executed successfully.
2026-06-21 21:13:51 INFO  [http-nio-8080-exec-10] APP_LOGGER - UserService method calculateTotalBalance executed successfully.
2026-06-21 21:13:51 INFO  [http-nio-8080-exec-1] APP_LOGGER - UserService method validateToken executed successfully.
2026-06-21 21:13:51 INFO  [http-nio-8080-exec-2] APP_LOGGER - UserService method validateToken executed successfully.
2026-06-21 21:13:51 INFO  [http-nio-8080-exec-2] APP_LOGGER - UserService method getUserWallets executed successfully.
2026-06-21 21:13:51 INFO  [http-nio-8080-exec-1] APP_LOGGER - UserService method getAllBudgets executed successfully.
2026-06-21 21:13:51 INFO  [http-nio-8080-exec-9] APP_LOGGER - UserService method getAllTransactionUser executed successfully.
2026-06-21 21:13:51 INFO  [http-nio-8080-exec-5] APP_LOGGER - UserService method extractUsername executed successfully.
2026-06-21 21:13:51 INFO  [http-nio-8080-exec-5] APP_LOGGER - UserService method loadUserByUsername executed successfully.
2026-06-21 21:13:51 INFO  [http-nio-8080-exec-5] APP_LOGGER - UserService method validateToken executed successfully.
2026-06-21 21:13:51 INFO  [http-nio-8080-exec-5] APP_LOGGER - UserService method getAllTransactionUser executed successfully.
2026-06-21 21:32:42 INFO  [http-nio-8080-exec-1] APP_LOGGER - UserService method extractUsername executed successfully.
2026-06-21 21:32:42 INFO  [http-nio-8080-exec-2] APP_LOGGER - UserService method extractUsername executed successfully.
2026-06-21 21:32:42 INFO  [http-nio-8080-exec-4] APP_LOGGER - UserService method extractUsername executed successfully.
2026-06-21 21:32:42 INFO  [http-nio-8080-exec-3] APP_LOGGER - UserService method extractUsername executed successfully.
2026-06-21 21:32:42 INFO  [http-nio-8080-exec-2] APP_LOGGER - UserService method loadUserByUsername executed successfully.
2026-06-21 21:32:42 INFO  [http-nio-8080-exec-1] APP_LOGGER - UserService method loadUserByUsername executed successfully.
2026-06-21 21:32:42 INFO  [http-nio-8080-exec-3] APP_LOGGER - UserService method loadUserByUsername executed successfully.
2026-06-21 21:32:42 INFO  [http-nio-8080-exec-4] APP_LOGGER - UserService method loadUserByUsername executed successfully.
2026-06-21 21:32:42 INFO  [http-nio-8080-exec-3] APP_LOGGER - UserService method validateToken executed successfully.
2026-06-21 21:32:42 INFO  [http-nio-8080-exec-1] APP_LOGGER - UserService method validateToken executed successfully.
2026-06-21 21:32:42 INFO  [http-nio-8080-exec-2] APP_LOGGER - UserService method validateToken executed successfully.
2026-06-21 21:32:42 INFO  [http-nio-8080-exec-4] APP_LOGGER - UserService method validateToken executed successfully.
2026-06-21 21:32:42 INFO  [http-nio-8080-exec-2] APP_LOGGER - UserService method getUserDetails executed successfully.
2026-06-21 21:32:42 INFO  [http-nio-8080-exec-3] APP_LOGGER - UserService method getAllBudgets executed successfully.
2026-06-21 21:32:42 INFO  [http-nio-8080-exec-1] APP_LOGGER - UserService method calculateTotalBalance executed successfully.
2026-06-21 21:32:42 INFO  [http-nio-8080-exec-4] APP_LOGGER - UserService method getUserWallets executed successfully.
2026-06-21 21:32:42 INFO  [http-nio-8080-exec-5] APP_LOGGER - UserService method extractUsername executed successfully.
2026-06-21 21:32:42 INFO  [http-nio-8080-exec-5] APP_LOGGER - UserService method loadUserByUsername executed successfully.
2026-06-21 21:32:42 INFO  [http-nio-8080-exec-5] APP_LOGGER - UserService method validateToken executed successfully.
2026-06-21 21:32:42 INFO  [http-nio-8080-exec-5] APP_LOGGER - UserService method calculateTotalBalance executed successfully.
2026-06-21 21:32:42 INFO  [http-nio-8080-exec-8] APP_LOGGER - UserService method extractUsername executed successfully.
2026-06-21 21:32:42 INFO  [http-nio-8080-exec-7] APP_LOGGER - UserService method extractUsername executed successfully.
2026-06-21 21:32:42 INFO  [http-nio-8080-exec-6] APP_LOGGER - UserService method extractUsername executed successfully.
2026-06-21 21:32:42 INFO  [http-nio-8080-exec-6] APP_LOGGER - UserService method loadUserByUsername executed successfully.
2026-06-21 21:32:42 INFO  [http-nio-8080-exec-8] APP_LOGGER - UserService method loadUserByUsername executed successfully.
2026-06-21 21:32:42 INFO  [http-nio-8080-exec-7] APP_LOGGER - UserService method loadUserByUsername executed successfully.
2026-06-21 21:32:42 INFO  [http-nio-8080-exec-7] APP_LOGGER - UserService method validateToken executed successfully.
2026-06-21 21:32:42 INFO  [http-nio-8080-exec-6] APP_LOGGER - UserService method validateToken executed successfully.
2026-06-21 21:32:42 INFO  [http-nio-8080-exec-8] APP_LOGGER - UserService method validateToken executed successfully.
2026-06-21 21:32:42 INFO  [http-nio-8080-exec-6] APP_LOGGER - UserService method getUserDetails executed successfully.
2026-06-21 21:32:42 INFO  [http-nio-8080-exec-7] APP_LOGGER - UserService method getAllBudgets executed successfully.
2026-06-21 21:32:42 INFO  [http-nio-8080-exec-8] APP_LOGGER - UserService method getUserWallets executed successfully.
2026-06-21 21:33:17 INFO  [http-nio-8080-exec-10] APP_LOGGER - UserService method sendVerificationEmail executed successfully.
2026-06-21 21:33:17 INFO  [http-nio-8080-exec-10] APP_LOGGER - User registered -> User Id: 10a81612-5159-4a67-9190-7b3783768658.
2026-06-21 21:33:17 INFO  [http-nio-8080-exec-10] APP_LOGGER - UserService method registerUser executed successfully.
2026-06-21 21:33:35 INFO  [http-nio-8080-exec-1] APP_LOGGER - UserService method loadUserByUsername executed successfully.
2026-06-21 21:35:23 INFO  [http-nio-8080-exec-5] APP_LOGGER - UserService method loadUserByUsername executed successfully.
2026-06-21 21:36:20 INFO  [http-nio-8080-exec-2] APP_LOGGER - UserService method loadUserByUsername executed successfully.
2026-06-21 21:36:50 INFO  [http-nio-8080-exec-1] APP_LOGGER - UserService method loadUserByUsername executed successfully.
2026-06-21 21:38:28 INFO  [http-nio-8080-exec-5] APP_LOGGER - UserService method loadUserByUsername executed successfully.
2026-06-21 21:38:29 INFO  [http-nio-8080-exec-5] APP_LOGGER - UserService method generateToken executed successfully.
2026-06-21 21:38:29 INFO  [http-nio-8080-exec-5] APP_LOGGER - UserService method createRefreshToken executed successfully.
2026-06-21 21:38:29 INFO  [http-nio-8080-exec-4] APP_LOGGER - UserService method extractUsername executed successfully.
2026-06-21 21:38:29 INFO  [http-nio-8080-exec-4] APP_LOGGER - UserService method loadUserByUsername executed successfully.
2026-06-21 21:38:29 INFO  [http-nio-8080-exec-4] APP_LOGGER - UserService method validateToken executed successfully.
2026-06-21 21:38:29 INFO  [http-nio-8080-exec-4] APP_LOGGER - UserService method getUserDetails executed successfully.
2026-06-21 21:38:29 INFO  [http-nio-8080-exec-6] APP_LOGGER - UserService method extractUsername executed successfully.
2026-06-21 21:38:29 INFO  [http-nio-8080-exec-2] APP_LOGGER - UserService method extractUsername executed successfully.
2026-06-21 21:38:29 INFO  [http-nio-8080-exec-3] APP_LOGGER - UserService method extractUsername executed successfully.
2026-06-21 21:38:29 INFO  [http-nio-8080-exec-8] APP_LOGGER - UserService method extractUsername executed successfully.
2026-06-21 21:38:29 INFO  [http-nio-8080-exec-2] APP_LOGGER - UserService method loadUserByUsername executed successfully.
2026-06-21 21:38:29 INFO  [http-nio-8080-exec-2] APP_LOGGER - UserService method validateToken executed successfully.
2026-06-21 21:38:29 INFO  [http-nio-8080-exec-6] APP_LOGGER - UserService method loadUserByUsername executed successfully.
2026-06-21 21:38:29 INFO  [http-nio-8080-exec-3] APP_LOGGER - UserService method loadUserByUsername executed successfully.
2026-06-21 21:38:29 INFO  [http-nio-8080-exec-8] APP_LOGGER - UserService method loadUserByUsername executed successfully.
2026-06-21 21:38:29 INFO  [http-nio-8080-exec-6] APP_LOGGER - UserService method validateToken executed successfully.
2026-06-21 21:38:29 INFO  [http-nio-8080-exec-3] APP_LOGGER - UserService method validateToken executed successfully.
2026-06-21 21:38:29 INFO  [http-nio-8080-exec-8] APP_LOGGER - UserService method validateToken executed successfully.
2026-06-21 21:38:29 INFO  [http-nio-8080-exec-2] APP_LOGGER - UserService method getAllBudgets executed successfully.
2026-06-21 21:38:29 INFO  [http-nio-8080-exec-6] APP_LOGGER - UserService method calculateTotalBalance executed successfully.
2026-06-21 21:38:29 INFO  [http-nio-8080-exec-3] APP_LOGGER - UserService method getUserWallets executed successfully.
2026-06-21 21:38:29 INFO  [http-nio-8080-exec-9] APP_LOGGER - UserService method extractUsername executed successfully.
2026-06-21 21:38:29 INFO  [http-nio-8080-exec-9] APP_LOGGER - UserService method loadUserByUsername executed successfully.
2026-06-21 21:38:29 INFO  [http-nio-8080-exec-9] APP_LOGGER - UserService method validateToken executed successfully.
2026-06-21 21:38:29 INFO  [http-nio-8080-exec-9] APP_LOGGER - UserService method calculateTotalBalance executed successfully.
2026-06-21 21:38:29 INFO  [http-nio-8080-exec-7] APP_LOGGER - UserService method extractUsername executed successfully.
2026-06-21 21:38:29 INFO  [http-nio-8080-exec-10] APP_LOGGER - UserService method extractUsername executed successfully.
2026-06-21 21:38:29 INFO  [http-nio-8080-exec-7] APP_LOGGER - UserService method loadUserByUsername executed successfully.
2026-06-21 21:38:29 INFO  [http-nio-8080-exec-10] APP_LOGGER - UserService method loadUserByUsername executed successfully.
2026-06-21 21:38:29 INFO  [http-nio-8080-exec-10] APP_LOGGER - UserService method validateToken executed successfully.
2026-06-21 21:38:29 INFO  [http-nio-8080-exec-7] APP_LOGGER - UserService method validateToken executed successfully.
2026-06-21 21:38:29 INFO  [http-nio-8080-exec-10] APP_LOGGER - UserService method getUserWallets executed successfully.
2026-06-21 21:38:29 INFO  [http-nio-8080-exec-7] APP_LOGGER - UserService method getAllBudgets executed successfully.
2026-06-21 21:38:29 INFO  [http-nio-8080-exec-8] APP_LOGGER - UserService method getAllTransactionUser executed successfully.
2026-06-21 21:38:29 INFO  [http-nio-8080-exec-1] APP_LOGGER - UserService method extractUsername executed successfully.
2026-06-21 21:38:29 INFO  [http-nio-8080-exec-1] APP_LOGGER - UserService method loadUserByUsername executed successfully.
2026-06-21 21:38:29 INFO  [http-nio-8080-exec-1] APP_LOGGER - UserService method validateToken executed successfully.
2026-06-21 21:38:29 INFO  [http-nio-8080-exec-1] APP_LOGGER - UserService method getAllTransactionUser executed successfully.
2026-06-21 21:38:50 INFO  [http-nio-8080-exec-5] APP_LOGGER - UserService method extractUsername executed successfully.
2026-06-21 21:38:50 INFO  [http-nio-8080-exec-5] APP_LOGGER - UserService method loadUserByUsername executed successfully.
2026-06-21 21:38:50 INFO  [http-nio-8080-exec-5] APP_LOGGER - UserService method validateToken executed successfully.
2026-06-21 21:38:50 INFO  [http-nio-8080-exec-5] APP_LOGGER - UserService method getUserWallets executed successfully.
2026-06-21 21:38:50 INFO  [http-nio-8080-exec-4] APP_LOGGER - UserService method extractUsername executed successfully.
2026-06-21 21:38:50 INFO  [http-nio-8080-exec-4] APP_LOGGER - UserService method loadUserByUsername executed successfully.
2026-06-21 21:38:50 INFO  [http-nio-8080-exec-4] APP_LOGGER - UserService method validateToken executed successfully.
2026-06-21 21:38:50 INFO  [http-nio-8080-exec-4] APP_LOGGER - UserService method getUserWallets executed successfully.
2026-06-21 21:38:52 INFO  [http-nio-8080-exec-6] APP_LOGGER - UserService method extractUsername executed successfully.
2026-06-21 21:38:52 INFO  [http-nio-8080-exec-6] APP_LOGGER - UserService method loadUserByUsername executed successfully.
2026-06-21 21:38:52 INFO  [http-nio-8080-exec-6] APP_LOGGER - UserService method validateToken executed successfully.
2026-06-21 21:38:52 INFO  [http-nio-8080-exec-6] APP_LOGGER - UserService method getAllTransactionUser executed successfully.
2026-06-21 21:38:52 INFO  [http-nio-8080-exec-2] APP_LOGGER - UserService method extractUsername executed successfully.
2026-06-21 21:38:52 INFO  [http-nio-8080-exec-2] APP_LOGGER - UserService method loadUserByUsername executed successfully.
2026-06-21 21:38:52 INFO  [http-nio-8080-exec-2] APP_LOGGER - UserService method validateToken executed successfully.
2026-06-21 21:38:52 INFO  [http-nio-8080-exec-2] APP_LOGGER - UserService method getAllTransactionUser executed successfully.
2026-06-21 21:38:53 INFO  [http-nio-8080-exec-3] APP_LOGGER - UserService method extractUsername executed successfully.
2026-06-21 21:38:53 INFO  [http-nio-8080-exec-3] APP_LOGGER - UserService method loadUserByUsername executed successfully.
2026-06-21 21:38:53 INFO  [http-nio-8080-exec-3] APP_LOGGER - UserService method validateToken executed successfully.
2026-06-21 21:38:53 INFO  [http-nio-8080-exec-3] APP_LOGGER - UserService method getAllBudgets executed successfully.
2026-06-21 21:38:53 INFO  [http-nio-8080-exec-9] APP_LOGGER - UserService method extractUsername executed successfully.
2026-06-21 21:38:53 INFO  [http-nio-8080-exec-9] APP_LOGGER - UserService method loadUserByUsername executed successfully.
2026-06-21 21:38:53 INFO  [http-nio-8080-exec-9] APP_LOGGER - UserService method validateToken executed successfully.
2026-06-21 21:38:53 INFO  [http-nio-8080-exec-9] APP_LOGGER - UserService method getAllBudgets executed successfully.
2026-06-21 21:39:11 INFO  [http-nio-8080-exec-10] APP_LOGGER - UserService method extractUsername executed successfully.
2026-06-21 21:39:11 INFO  [http-nio-8080-exec-10] APP_LOGGER - UserService method loadUserByUsername executed successfully.
2026-06-21 21:39:11 INFO  [http-nio-8080-exec-10] APP_LOGGER - UserService method validateToken executed successfully.
2026-06-21 21:39:11 INFO  [http-nio-8080-exec-10] APP_LOGGER - UserService method getUserWallets executed successfully.
2026-06-21 21:39:11 INFO  [http-nio-8080-exec-7] APP_LOGGER - UserService method extractUsername executed successfully.
2026-06-21 21:39:11 INFO  [http-nio-8080-exec-7] APP_LOGGER - UserService method loadUserByUsername executed successfully.
2026-06-21 21:39:11 INFO  [http-nio-8080-exec-7] APP_LOGGER - UserService method validateToken executed successfully.
2026-06-21 21:39:11 INFO  [http-nio-8080-exec-7] APP_LOGGER - UserService method getUserWallets executed successfully.
2026-06-21 21:39:13 INFO  [http-nio-8080-exec-8] APP_LOGGER - UserService method extractUsername executed successfully.
2026-06-21 21:39:13 INFO  [http-nio-8080-exec-8] APP_LOGGER - UserService method loadUserByUsername executed successfully.
2026-06-21 21:39:13 INFO  [http-nio-8080-exec-8] APP_LOGGER - UserService method validateToken executed successfully.
2026-06-21 21:39:13 INFO  [http-nio-8080-exec-8] APP_LOGGER - UserService method getAllTransactionUser executed successfully.
2026-06-21 21:39:13 INFO  [http-nio-8080-exec-1] APP_LOGGER - UserService method extractUsername executed successfully.
2026-06-21 21:39:13 INFO  [http-nio-8080-exec-1] APP_LOGGER - UserService method loadUserByUsername executed successfully.
2026-06-21 21:39:13 INFO  [http-nio-8080-exec-1] APP_LOGGER - UserService method validateToken executed successfully.
2026-06-21 21:39:13 INFO  [http-nio-8080-exec-1] APP_LOGGER - UserService method getAllTransactionUser executed successfully.
2026-06-21 21:39:14 INFO  [http-nio-8080-exec-5] APP_LOGGER - UserService method extractUsername executed successfully.
2026-06-21 21:39:14 INFO  [http-nio-8080-exec-5] APP_LOGGER - UserService method loadUserByUsername executed successfully.
2026-06-21 21:39:14 INFO  [http-nio-8080-exec-5] APP_LOGGER - UserService method validateToken executed successfully.
2026-06-21 21:39:14 INFO  [http-nio-8080-exec-5] APP_LOGGER - UserService method getUserWallets executed successfully.
2026-06-21 21:39:14 INFO  [http-nio-8080-exec-4] APP_LOGGER - UserService method extractUsername executed successfully.
2026-06-21 21:39:14 INFO  [http-nio-8080-exec-4] APP_LOGGER - UserService method loadUserByUsername executed successfully.
2026-06-21 21:39:14 INFO  [http-nio-8080-exec-4] APP_LOGGER - UserService method validateToken executed successfully.
2026-06-21 21:39:14 INFO  [http-nio-8080-exec-4] APP_LOGGER - UserService method getUserWallets executed successfully.
2026-06-21 21:39:20 INFO  [http-nio-8080-exec-6] APP_LOGGER - UserService method extractUsername executed successfully.
2026-06-21 21:39:20 INFO  [http-nio-8080-exec-6] APP_LOGGER - UserService method loadUserByUsername executed successfully.
2026-06-21 21:39:20 INFO  [http-nio-8080-exec-6] APP_LOGGER - UserService method validateToken executed successfully.
2026-06-21 21:39:20 INFO  [http-nio-8080-exec-6] APP_LOGGER - UserService method getAllBudgets executed successfully.
2026-06-21 21:39:20 INFO  [http-nio-8080-exec-2] APP_LOGGER - UserService method extractUsername executed successfully.
2026-06-21 21:39:20 INFO  [http-nio-8080-exec-2] APP_LOGGER - UserService method loadUserByUsername executed successfully.
2026-06-21 21:39:20 INFO  [http-nio-8080-exec-2] APP_LOGGER - UserService method validateToken executed successfully.
2026-06-21 21:39:20 INFO  [http-nio-8080-exec-2] APP_LOGGER - UserService method getAllBudgets executed successfully.
2026-06-21 21:39:20 INFO  [http-nio-8080-exec-3] APP_LOGGER - UserService method extractUsername executed successfully.
2026-06-21 21:39:20 INFO  [http-nio-8080-exec-3] APP_LOGGER - UserService method loadUserByUsername executed successfully.
2026-06-21 21:39:20 INFO  [http-nio-8080-exec-3] APP_LOGGER - UserService method validateToken executed successfully.
2026-06-21 21:39:20 INFO  [http-nio-8080-exec-3] APP_LOGGER - UserService method getAllTransactionUser executed successfully.
2026-06-21 21:39:20 INFO  [http-nio-8080-exec-9] APP_LOGGER - UserService method extractUsername executed successfully.
2026-06-21 21:39:20 INFO  [http-nio-8080-exec-9] APP_LOGGER - UserService method loadUserByUsername executed successfully.
2026-06-21 21:39:20 INFO  [http-nio-8080-exec-9] APP_LOGGER - UserService method validateToken executed successfully.
2026-06-21 21:39:20 INFO  [http-nio-8080-exec-9] APP_LOGGER - UserService method getAllTransactionUser executed successfully.
2026-06-21 21:39:21 INFO  [http-nio-8080-exec-10] APP_LOGGER - UserService method extractUsername executed successfully.
2026-06-21 21:39:21 INFO  [http-nio-8080-exec-10] APP_LOGGER - UserService method loadUserByUsername executed successfully.
2026-06-21 21:39:21 INFO  [http-nio-8080-exec-10] APP_LOGGER - UserService method validateToken executed successfully.
2026-06-21 21:39:21 INFO  [http-nio-8080-exec-10] APP_LOGGER - UserService method getUserWallets executed successfully.
2026-06-21 21:39:21 INFO  [http-nio-8080-exec-7] APP_LOGGER - UserService method extractUsername executed successfully.
2026-06-21 21:39:21 INFO  [http-nio-8080-exec-7] APP_LOGGER - UserService method loadUserByUsername executed successfully.
2026-06-21 21:39:21 INFO  [http-nio-8080-exec-7] APP_LOGGER - UserService method validateToken executed successfully.
2026-06-21 21:39:21 INFO  [http-nio-8080-exec-7] APP_LOGGER - UserService method getUserWallets executed successfully.
2026-06-21 21:39:22 INFO  [http-nio-8080-exec-1] APP_LOGGER - UserService method extractUsername executed successfully.
2026-06-21 21:39:22 INFO  [http-nio-8080-exec-8] APP_LOGGER - UserService method extractUsername executed successfully.
2026-06-21 21:39:22 INFO  [http-nio-8080-exec-4] APP_LOGGER - UserService method extractUsername executed successfully.
2026-06-21 21:39:22 INFO  [http-nio-8080-exec-5] APP_LOGGER - UserService method extractUsername executed successfully.
2026-06-21 21:39:22 INFO  [http-nio-8080-exec-1] APP_LOGGER - UserService method loadUserByUsername executed successfully.
2026-06-21 21:39:22 INFO  [http-nio-8080-exec-4] APP_LOGGER - UserService method loadUserByUsername executed successfully.
2026-06-21 21:39:22 INFO  [http-nio-8080-exec-8] APP_LOGGER - UserService method loadUserByUsername executed successfully.
2026-06-21 21:39:22 INFO  [http-nio-8080-exec-5] APP_LOGGER - UserService method loadUserByUsername executed successfully.
2026-06-21 21:39:22 INFO  [http-nio-8080-exec-1] APP_LOGGER - UserService method validateToken executed successfully.
2026-06-21 21:39:22 INFO  [http-nio-8080-exec-8] APP_LOGGER - UserService method validateToken executed successfully.
2026-06-21 21:39:22 INFO  [http-nio-8080-exec-4] APP_LOGGER - UserService method validateToken executed successfully.
2026-06-21 21:39:22 INFO  [http-nio-8080-exec-5] APP_LOGGER - UserService method validateToken executed successfully.
2026-06-21 21:39:22 INFO  [http-nio-8080-exec-1] APP_LOGGER - UserService method getUserWallets executed successfully.
2026-06-21 21:39:22 INFO  [http-nio-8080-exec-4] APP_LOGGER - UserService method getAllBudgets executed successfully.
2026-06-21 21:39:22 INFO  [http-nio-8080-exec-8] APP_LOGGER - UserService method calculateTotalBalance executed successfully.
2026-06-21 21:39:22 INFO  [http-nio-8080-exec-5] APP_LOGGER - UserService method getAllTransactionUser executed successfully.
2026-06-21 21:39:22 INFO  [http-nio-8080-exec-2] APP_LOGGER - UserService method extractUsername executed successfully.
2026-06-21 21:39:22 INFO  [http-nio-8080-exec-6] APP_LOGGER - UserService method extractUsername executed successfully.
2026-06-21 21:39:22 INFO  [http-nio-8080-exec-2] APP_LOGGER - UserService method loadUserByUsername executed successfully.
2026-06-21 21:39:22 INFO  [http-nio-8080-exec-6] APP_LOGGER - UserService method loadUserByUsername executed successfully.
2026-06-21 21:39:22 INFO  [http-nio-8080-exec-2] APP_LOGGER - UserService method validateToken executed successfully.
2026-06-21 21:39:22 INFO  [http-nio-8080-exec-6] APP_LOGGER - UserService method validateToken executed successfully.
2026-06-21 21:39:22 INFO  [http-nio-8080-exec-3] APP_LOGGER - UserService method extractUsername executed successfully.
2026-06-21 21:39:22 INFO  [http-nio-8080-exec-9] APP_LOGGER - UserService method extractUsername executed successfully.
2026-06-21 21:39:22 INFO  [http-nio-8080-exec-3] APP_LOGGER - UserService method loadUserByUsername executed successfully.
2026-06-21 21:39:22 INFO  [http-nio-8080-exec-9] APP_LOGGER - UserService method loadUserByUsername executed successfully.
2026-06-21 21:39:22 INFO  [http-nio-8080-exec-3] APP_LOGGER - UserService method validateToken executed successfully.
2026-06-21 21:39:22 INFO  [http-nio-8080-exec-9] APP_LOGGER - UserService method validateToken executed successfully.
2026-06-21 21:39:22 INFO  [http-nio-8080-exec-6] APP_LOGGER - UserService method calculateTotalBalance executed successfully.
2026-06-21 21:39:22 INFO  [http-nio-8080-exec-2] APP_LOGGER - UserService method getAllBudgets executed successfully.
2026-06-21 21:39:22 INFO  [http-nio-8080-exec-3] APP_LOGGER - UserService method getUserWallets executed successfully.
2026-06-21 21:39:22 INFO  [http-nio-8080-exec-9] APP_LOGGER - UserService method getAllTransactionUser executed successfully.
2026-06-21 21:40:22 INFO  [http-nio-8080-exec-10] APP_LOGGER - UserService method extractUsername executed successfully.
2026-06-21 21:40:22 INFO  [http-nio-8080-exec-10] APP_LOGGER - UserService method loadUserByUsername executed successfully.
2026-06-21 21:40:22 INFO  [http-nio-8080-exec-10] APP_LOGGER - UserService method validateToken executed successfully.
2026-06-21 21:40:22 INFO  [http-nio-8080-exec-10] APP_LOGGER - UserService method getUserDetails executed successfully.
2026-06-21 21:40:22 INFO  [http-nio-8080-exec-7] APP_LOGGER - UserService method extractUsername executed successfully.
2026-06-21 21:40:22 INFO  [http-nio-8080-exec-7] APP_LOGGER - UserService method loadUserByUsername executed successfully.
2026-06-21 21:40:22 INFO  [http-nio-8080-exec-7] APP_LOGGER - UserService method validateToken executed successfully.
2026-06-21 21:40:22 INFO  [http-nio-8080-exec-7] APP_LOGGER - UserService method getUserDetails executed successfully.
2026-06-21 21:40:22 INFO  [http-nio-8080-exec-4] APP_LOGGER - UserService method extractUsername executed successfully.
2026-06-21 21:40:22 INFO  [http-nio-8080-exec-4] APP_LOGGER - UserService method loadUserByUsername executed successfully.
2026-06-21 21:40:22 INFO  [http-nio-8080-exec-5] APP_LOGGER - UserService method extractUsername executed successfully.
2026-06-21 21:40:22 INFO  [http-nio-8080-exec-8] APP_LOGGER - UserService method extractUsername executed successfully.
2026-06-21 21:40:22 INFO  [http-nio-8080-exec-4] APP_LOGGER - UserService method validateToken executed successfully.
2026-06-21 21:40:22 INFO  [http-nio-8080-exec-1] APP_LOGGER - UserService method extractUsername executed successfully.
2026-06-21 21:40:22 INFO  [http-nio-8080-exec-5] APP_LOGGER - UserService method loadUserByUsername executed successfully.
2026-06-21 21:40:22 INFO  [http-nio-8080-exec-1] APP_LOGGER - UserService method loadUserByUsername executed successfully.
2026-06-21 21:40:22 INFO  [http-nio-8080-exec-8] APP_LOGGER - UserService method loadUserByUsername executed successfully.
2026-06-21 21:40:22 INFO  [http-nio-8080-exec-8] APP_LOGGER - UserService method validateToken executed successfully.
2026-06-21 21:40:22 INFO  [http-nio-8080-exec-5] APP_LOGGER - UserService method validateToken executed successfully.
2026-06-21 21:40:22 INFO  [http-nio-8080-exec-1] APP_LOGGER - UserService method validateToken executed successfully.
2026-06-21 21:40:22 INFO  [http-nio-8080-exec-4] APP_LOGGER - UserService method calculateTotalBalance executed successfully.
2026-06-21 21:40:22 INFO  [http-nio-8080-exec-8] APP_LOGGER - UserService method getAllBudgets executed successfully.
2026-06-21 21:40:22 INFO  [http-nio-8080-exec-1] APP_LOGGER - UserService method getUserWallets executed successfully.
2026-06-21 21:40:22 INFO  [http-nio-8080-exec-5] APP_LOGGER - UserService method getAllTransactionUser executed successfully.
2026-06-21 21:40:22 INFO  [http-nio-8080-exec-6] APP_LOGGER - UserService method extractUsername executed successfully.
2026-06-21 21:40:22 INFO  [http-nio-8080-exec-2] APP_LOGGER - UserService method extractUsername executed successfully.
2026-06-21 21:40:22 INFO  [http-nio-8080-exec-6] APP_LOGGER - UserService method loadUserByUsername executed successfully.
2026-06-21 21:40:22 INFO  [http-nio-8080-exec-6] APP_LOGGER - UserService method validateToken executed successfully.
2026-06-21 21:40:22 INFO  [http-nio-8080-exec-2] APP_LOGGER - UserService method loadUserByUsername executed successfully.
2026-06-21 21:40:22 INFO  [http-nio-8080-exec-3] APP_LOGGER - UserService method extractUsername executed successfully.
2026-06-21 21:40:22 INFO  [http-nio-8080-exec-9] APP_LOGGER - UserService method extractUsername executed successfully.
2026-06-21 21:40:22 INFO  [http-nio-8080-exec-2] APP_LOGGER - UserService method validateToken executed successfully.
2026-06-21 21:40:22 INFO  [http-nio-8080-exec-3] APP_LOGGER - UserService method loadUserByUsername executed successfully.
2026-06-21 21:40:22 INFO  [http-nio-8080-exec-3] APP_LOGGER - UserService method validateToken executed successfully.
2026-06-21 21:40:22 INFO  [http-nio-8080-exec-9] APP_LOGGER - UserService method loadUserByUsername executed successfully.
2026-06-21 21:40:22 INFO  [http-nio-8080-exec-6] APP_LOGGER - UserService method calculateTotalBalance executed successfully.
2026-06-21 21:40:22 INFO  [http-nio-8080-exec-9] APP_LOGGER - UserService method validateToken executed successfully.
2026-06-21 21:40:22 INFO  [http-nio-8080-exec-3] APP_LOGGER - UserService method getAllBudgets executed successfully.
2026-06-21 21:40:22 INFO  [http-nio-8080-exec-2] APP_LOGGER - UserService method getUserWallets executed successfully.
2026-06-21 21:40:22 INFO  [http-nio-8080-exec-9] APP_LOGGER - UserService method getAllTransactionUser executed successfully.
