2026-06-19 21:13:10 INFO  - ➡️ Incoming request: POST /api/user/register
2026-06-19 21:13:11 INFO  - ⬅️ Completed: POST /api/user/register in 1067 ms with status 201
2026-06-19 21:13:23 INFO  - ➡️ Incoming request: POST /api/auth/login
2026-06-19 21:13:24 INFO  - ⬅️ Completed: POST /api/auth/login in 1214 ms with status 200
2026-06-19 21:13:24 INFO  - ➡️ Incoming request: GET /api/user/details
2026-06-19 21:13:24 INFO  - ⬅️ Completed: GET /api/user/details in 6 ms with status 200
2026-06-19 21:13:24 INFO  - ➡️ Incoming request: GET /api/user/total-balance
2026-06-19 21:13:24 INFO  - ➡️ Incoming request: GET /api/user/transactions
2026-06-19 21:13:24 INFO  - ➡️ Incoming request: GET /api/user/wallets
2026-06-19 21:13:24 INFO  - ➡️ Incoming request: GET /api/user/budget/all
2026-06-19 21:13:25 INFO  - ⬅️ Completed: GET /api/user/total-balance in 24 ms with status 200
2026-06-19 21:13:25 INFO  - ⬅️ Completed: GET /api/user/wallets in 31 ms with status 200
2026-06-19 21:13:25 INFO  - ⬅️ Completed: GET /api/user/budget/all in 32 ms with status 200
2026-06-19 21:13:25 INFO  - ➡️ Incoming request: GET /api/user/total-balance
2026-06-19 21:13:25 INFO  - ⬅️ Completed: GET /api/user/total-balance in 8 ms with status 200
2026-06-19 21:13:25 INFO  - ➡️ Incoming request: GET /api/user/budget/all
2026-06-19 21:13:25 INFO  - ➡️ Incoming request: GET /api/user/wallets
2026-06-19 21:13:25 INFO  - ⬅️ Completed: GET /api/user/wallets in 7 ms with status 200
2026-06-19 21:13:25 INFO  - ⬅️ Completed: GET /api/user/budget/all in 8 ms with status 200
2026-06-19 21:13:25 INFO  - ➡️ Incoming request: GET /api/user/transactions
2026-06-19 21:13:48 INFO  - ➡️ Incoming request: GET /api/user/wallets
2026-06-19 21:13:48 INFO  - ⬅️ Completed: GET /api/user/wallets in 7 ms with status 200
2026-06-19 21:13:48 INFO  - ➡️ Incoming request: GET /api/user/wallets
2026-06-19 21:13:48 INFO  - ⬅️ Completed: GET /api/user/wallets in 8 ms with status 200
2026-06-19 21:13:53 INFO  - ➡️ Incoming request: GET /api/user/transactions
2026-06-19 21:13:53 INFO  - ➡️ Incoming request: GET /api/user/wallets
2026-06-19 21:13:53 INFO  - ⬅️ Completed: GET /api/user/wallets in 7 ms with status 200
2026-06-19 21:13:53 INFO  - ➡️ Incoming request: GET /api/user/wallets
2026-06-19 21:13:53 INFO  - ➡️ Incoming request: GET /api/user/transactions
2026-06-19 21:13:53 INFO  - ⬅️ Completed: GET /api/user/wallets in 18 ms with status 200
2026-06-19 21:13:58 INFO  - ➡️ Incoming request: GET /api/user/budget/all
2026-06-19 21:13:58 INFO  - ⬅️ Completed: GET /api/user/budget/all in 9 ms with status 200
2026-06-19 21:13:58 INFO  - ➡️ Incoming request: GET /api/user/budget/all
2026-06-19 21:13:58 INFO  - ⬅️ Completed: GET /api/user/budget/all in 8 ms with status 200
2026-06-19 21:14:01 INFO  - ➡️ Incoming request: GET /api/user/wallets
2026-06-19 21:14:01 INFO  - ⬅️ Completed: GET /api/user/wallets in 10 ms with status 200
2026-06-19 21:14:01 INFO  - ➡️ Incoming request: GET /api/user/wallets
2026-06-19 21:14:01 INFO  - ⬅️ Completed: GET /api/user/wallets in 7 ms with status 200
2026-06-19 21:14:03 INFO  - ➡️ Incoming request: GET /api/user/budget/all
2026-06-19 21:14:03 INFO  - ➡️ Incoming request: GET /api/user/total-balance
2026-06-19 21:14:03 INFO  - ➡️ Incoming request: GET /api/user/transactions
2026-06-19 21:14:03 INFO  - ➡️ Incoming request: GET /api/user/wallets
2026-06-19 21:14:03 INFO  - ⬅️ Completed: GET /api/user/budget/all in 7 ms with status 200
2026-06-19 21:14:03 INFO  - ⬅️ Completed: GET /api/user/total-balance in 7 ms with status 200
2026-06-19 21:14:03 INFO  - ⬅️ Completed: GET /api/user/wallets in 7 ms with status 200
2026-06-19 21:14:03 INFO  - ➡️ Incoming request: GET /api/user/total-balance
2026-06-19 21:14:03 INFO  - ➡️ Incoming request: GET /api/user/budget/all
2026-06-19 21:14:03 INFO  - ➡️ Incoming request: GET /api/user/wallets
2026-06-19 21:14:03 INFO  - ➡️ Incoming request: GET /api/user/transactions
2026-06-19 21:14:03 INFO  - ⬅️ Completed: GET /api/user/total-balance in 11 ms with status 200
2026-06-19 21:14:03 INFO  - ⬅️ Completed: GET /api/user/budget/all in 11 ms with status 200
2026-06-19 21:14:03 INFO  - ⬅️ Completed: GET /api/user/wallets in 13 ms with status 200
2026-06-19 21:16:13 INFO  - ➡️ Incoming request: GET /api/user/wallets
2026-06-19 21:16:13 INFO  - ➡️ Incoming request: GET /api/user/transactions
2026-06-19 21:16:13 INFO  - ⬅️ Completed: GET /api/user/wallets in 7 ms with status 200
2026-06-19 21:16:13 INFO  - ➡️ Incoming request: GET /api/user/wallets
2026-06-19 21:16:13 INFO  - ➡️ Incoming request: GET /api/user/transactions
2026-06-19 21:16:13 INFO  - ⬅️ Completed: GET /api/user/wallets in 6 ms with status 200
2026-06-19 21:16:36 INFO  - ➡️ Incoming request: POST /api/auth/login
2026-06-19 21:16:36 INFO  - ⬅️ Completed: POST /api/auth/login in 492 ms with status 401
2026-06-19 21:16:52 INFO  - ➡️ Incoming request: POST /api/auth/login
2026-06-19 21:16:52 INFO  - ⬅️ Completed: POST /api/auth/login in 8 ms with status 404
2026-06-19 21:16:55 INFO  - ➡️ Incoming request: POST /api/auth/login
2026-06-19 21:16:56 INFO  - ⬅️ Completed: POST /api/auth/login in 508 ms with status 200
2026-06-19 21:16:56 INFO  - ➡️ Incoming request: GET /api/user/details
2026-06-19 21:16:56 INFO  - ⬅️ Completed: GET /api/user/details in 4 ms with status 200
2026-06-19 21:16:56 INFO  - ➡️ Incoming request: GET /api/user/total-balance
2026-06-19 21:16:56 INFO  - ➡️ Incoming request: GET /api/user/wallets
2026-06-19 21:16:56 INFO  - ➡️ Incoming request: GET /api/user/budget/all
2026-06-19 21:16:56 INFO  - ➡️ Incoming request: GET /api/user/transactions
2026-06-19 21:16:56 INFO  - ⬅️ Completed: GET /api/user/wallets in 10 ms with status 200
2026-06-19 21:16:56 INFO  - ⬅️ Completed: GET /api/user/total-balance in 10 ms with status 200
2026-06-19 21:16:56 INFO  - ⬅️ Completed: GET /api/user/budget/all in 14 ms with status 200
2026-06-19 21:16:56 INFO  - ➡️ Incoming request: GET /api/user/wallets
2026-06-19 21:16:56 INFO  - ➡️ Incoming request: GET /api/user/total-balance
2026-06-19 21:16:56 INFO  - ➡️ Incoming request: GET /api/user/transactions
2026-06-19 21:16:56 INFO  - ➡️ Incoming request: GET /api/user/budget/all
2026-06-19 21:16:56 INFO  - ⬅️ Completed: GET /api/user/wallets in 6 ms with status 200
2026-06-19 21:16:56 INFO  - ⬅️ Completed: GET /api/user/total-balance in 7 ms with status 200
2026-06-19 21:16:56 INFO  - ⬅️ Completed: GET /api/user/budget/all in 6 ms with status 200
2026-06-19 21:19:03 INFO  - ➡️ Incoming request: GET /api/user/wallets
2026-06-19 21:19:03 INFO  - ➡️ Incoming request: GET /api/user/transactions
2026-06-19 21:19:03 INFO  - ⬅️ Completed: GET /api/user/wallets in 6 ms with status 200
2026-06-19 21:19:03 INFO  - ➡️ Incoming request: GET /api/user/wallets
2026-06-19 21:19:03 INFO  - ⬅️ Completed: GET /api/user/wallets in 11 ms with status 200
2026-06-19 21:19:03 INFO  - ➡️ Incoming request: GET /api/user/transactions
2026-06-19 21:19:06 INFO  - ➡️ Incoming request: GET /api/user/wallets
2026-06-19 21:19:06 INFO  - ⬅️ Completed: GET /api/user/wallets in 5 ms with status 200
2026-06-19 21:19:06 INFO  - ➡️ Incoming request: GET /api/user/wallets
2026-06-19 21:19:06 INFO  - ⬅️ Completed: GET /api/user/wallets in 5 ms with status 200
2026-06-19 21:19:08 INFO  - ➡️ Incoming request: GET /api/user/transactions
2026-06-19 21:19:08 INFO  - ➡️ Incoming request: GET /api/user/wallets
2026-06-19 21:19:08 INFO  - ⬅️ Completed: GET /api/user/wallets in 8 ms with status 200
2026-06-19 21:19:08 INFO  - ➡️ Incoming request: GET /api/user/wallets
2026-06-19 21:19:08 INFO  - ➡️ Incoming request: GET /api/user/transactions
2026-06-19 21:19:08 INFO  - ⬅️ Completed: GET /api/user/wallets in 9 ms with status 200
2026-06-19 21:21:09 INFO  - ➡️ Incoming request: GET /api/user/wallets
2026-06-19 21:21:09 INFO  - ⬅️ Completed: GET /api/user/wallets in 5 ms with status 200
2026-06-19 21:21:09 INFO  - ➡️ Incoming request: GET /api/user/wallets
2026-06-19 21:21:09 INFO  - ⬅️ Completed: GET /api/user/wallets in 6 ms with status 200
2026-06-19 21:21:19 INFO  - ➡️ Incoming request: POST /api/user/wallet/create
2026-06-19 21:21:19 INFO  - ⬅️ Completed: POST /api/user/wallet/create in 46 ms with status 201
2026-06-19 21:21:19 INFO  - ➡️ Incoming request: GET /api/user/wallets
2026-06-19 21:21:19 INFO  - ⬅️ Completed: GET /api/user/wallets in 8 ms with status 200
2026-06-19 21:21:19 INFO  - ➡️ Incoming request: GET /api/user/wallets
2026-06-19 21:21:19 INFO  - ⬅️ Completed: GET /api/user/wallets in 6 ms with status 200
2026-06-19 21:21:26 INFO  - ➡️ Incoming request: GET /api/user/transactions
2026-06-19 21:21:26 INFO  - ➡️ Incoming request: GET /api/user/budget/all
2026-06-19 21:21:26 INFO  - ➡️ Incoming request: GET /api/user/total-balance
2026-06-19 21:21:26 INFO  - ➡️ Incoming request: GET /api/user/wallets
2026-06-19 21:21:26 INFO  - ⬅️ Completed: GET /api/user/budget/all in 6 ms with status 200
2026-06-19 21:21:26 INFO  - ⬅️ Completed: GET /api/user/total-balance in 6 ms with status 200
2026-06-19 21:21:26 INFO  - ⬅️ Completed: GET /api/user/wallets in 6 ms with status 200
2026-06-19 21:21:26 INFO  - ➡️ Incoming request: GET /api/user/budget/all
2026-06-19 21:21:26 INFO  - ➡️ Incoming request: GET /api/user/total-balance
2026-06-19 21:21:26 INFO  - ➡️ Incoming request: GET /api/user/wallets
2026-06-19 21:21:26 INFO  - ➡️ Incoming request: GET /api/user/transactions
2026-06-19 21:21:26 INFO  - ⬅️ Completed: GET /api/user/budget/all in 8 ms with status 200
2026-06-19 21:21:26 INFO  - ⬅️ Completed: GET /api/user/total-balance in 9 ms with status 200
2026-06-19 21:21:26 INFO  - ⬅️ Completed: GET /api/user/wallets in 22 ms with status 200
2026-06-19 21:21:30 INFO  - ➡️ Incoming request: GET /api/user/wallets
2026-06-19 21:21:30 INFO  - ⬅️ Completed: GET /api/user/wallets in 6 ms with status 200
2026-06-19 21:21:30 INFO  - ➡️ Incoming request: GET /api/user/wallets
2026-06-19 21:21:30 INFO  - ⬅️ Completed: GET /api/user/wallets in 6 ms with status 200
2026-06-19 21:21:30 INFO  - ➡️ Incoming request: GET /api/user/wallets
2026-06-19 21:21:30 INFO  - ⬅️ Completed: GET /api/user/wallets in 5 ms with status 200
2026-06-19 21:21:36 INFO  - ➡️ Incoming request: GET /api/user/transactions
2026-06-19 21:21:36 INFO  - ➡️ Incoming request: GET /api/user/wallets
2026-06-19 21:21:36 INFO  - ➡️ Incoming request: GET /api/user/total-balance
2026-06-19 21:21:36 INFO  - ➡️ Incoming request: GET /api/user/budget/all
2026-06-19 21:21:36 INFO  - ⬅️ Completed: GET /api/user/budget/all in 4 ms with status 200
2026-06-19 21:21:36 INFO  - ⬅️ Completed: GET /api/user/total-balance in 4 ms with status 200
2026-06-19 21:21:36 INFO  - ⬅️ Completed: GET /api/user/wallets in 4 ms with status 200
2026-06-19 21:21:36 INFO  - ➡️ Incoming request: GET /api/user/total-balance
2026-06-19 21:21:36 INFO  - ➡️ Incoming request: GET /api/user/budget/all
2026-06-19 21:21:36 INFO  - ➡️ Incoming request: GET /api/user/transactions
2026-06-19 21:21:36 INFO  - ➡️ Incoming request: GET /api/user/wallets
2026-06-19 21:21:36 INFO  - ⬅️ Completed: GET /api/user/budget/all in 3 ms with status 200
2026-06-19 21:21:36 INFO  - ⬅️ Completed: GET /api/user/total-balance in 3 ms with status 200
2026-06-19 21:21:36 INFO  - ⬅️ Completed: GET /api/user/wallets in 3 ms with status 200
2026-06-19 21:21:38 INFO  - ➡️ Incoming request: GET /api/user/details
2026-06-19 21:21:38 INFO  - ⬅️ Completed: GET /api/user/details in 2 ms with status 200
2026-06-19 21:21:38 INFO  - ➡️ Incoming request: GET /api/user/details
2026-06-19 21:21:38 INFO  - ⬅️ Completed: GET /api/user/details in 4 ms with status 200
2026-06-19 21:21:38 INFO  - ➡️ Incoming request: GET /api/user/total-balance
2026-06-19 21:21:38 INFO  - ➡️ Incoming request: GET /api/user/wallets
2026-06-19 21:21:38 INFO  - ➡️ Incoming request: GET /api/user/budget/all
2026-06-19 21:21:38 INFO  - ➡️ Incoming request: GET /api/user/transactions
2026-06-19 21:21:38 INFO  - ⬅️ Completed: GET /api/user/total-balance in 6 ms with status 200
2026-06-19 21:21:38 INFO  - ⬅️ Completed: GET /api/user/wallets in 5 ms with status 200
2026-06-19 21:21:38 INFO  - ⬅️ Completed: GET /api/user/budget/all in 4 ms with status 200
2026-06-19 21:21:38 INFO  - ➡️ Incoming request: GET /api/user/total-balance
2026-06-19 21:21:38 INFO  - ➡️ Incoming request: GET /api/user/wallets
2026-06-19 21:21:38 INFO  - ➡️ Incoming request: GET /api/user/budget/all
2026-06-19 21:21:38 INFO  - ⬅️ Completed: GET /api/user/total-balance in 6 ms with status 200
2026-06-19 21:21:38 INFO  - ➡️ Incoming request: GET /api/user/transactions
2026-06-19 21:21:38 INFO  - ⬅️ Completed: GET /api/user/wallets in 6 ms with status 200
2026-06-19 21:21:38 INFO  - ⬅️ Completed: GET /api/user/budget/all in 6 ms with status 200
2026-06-19 21:21:44 INFO  - ➡️ Incoming request: GET /api/user/wallets
2026-06-19 21:21:44 INFO  - ⬅️ Completed: GET /api/user/wallets in 5 ms with status 200
2026-06-19 21:21:44 INFO  - ➡️ Incoming request: GET /api/user/wallets
2026-06-19 21:21:44 INFO  - ⬅️ Completed: GET /api/user/wallets in 8 ms with status 200
2026-06-19 21:21:44 INFO  - ➡️ Incoming request: GET /api/user/wallets
2026-06-19 21:21:44 INFO  - ⬅️ Completed: GET /api/user/wallets in 7 ms with status 200
2026-06-19 21:21:48 INFO  - ➡️ Incoming request: POST /api/user/wallet/create
2026-06-19 21:21:48 INFO  - ⬅️ Completed: POST /api/user/wallet/create in 31 ms with status 201
2026-06-19 21:21:48 INFO  - ➡️ Incoming request: GET /api/user/wallets
2026-06-19 21:21:48 INFO  - ⬅️ Completed: GET /api/user/wallets in 9 ms with status 200
2026-06-19 21:21:53 INFO  - ➡️ Incoming request: POST /api/user/wallet/create
2026-06-19 21:21:53 INFO  - ⬅️ Completed: POST /api/user/wallet/create in 7 ms with status 409
2026-06-19 21:21:58 INFO  - ➡️ Incoming request: GET /api/user/budget/all
2026-06-19 21:21:58 INFO  - ➡️ Incoming request: GET /api/user/total-balance
2026-06-19 21:21:58 INFO  - ➡️ Incoming request: GET /api/user/wallets
2026-06-19 21:21:58 INFO  - ➡️ Incoming request: GET /api/user/transactions
2026-06-19 21:21:58 INFO  - ⬅️ Completed: GET /api/user/wallets in 4 ms with status 200
2026-06-19 21:21:58 INFO  - ⬅️ Completed: GET /api/user/budget/all in 4 ms with status 200
2026-06-19 21:21:58 INFO  - ➡️ Incoming request: GET /api/user/budget/all
2026-06-19 21:21:58 INFO  - ➡️ Incoming request: GET /api/user/wallets
2026-06-19 21:21:58 INFO  - ➡️ Incoming request: GET /api/user/transactions
2026-06-19 21:21:58 INFO  - ⬅️ Completed: GET /api/user/budget/all in 7 ms with status 200
2026-06-19 21:21:58 INFO  - ⬅️ Completed: GET /api/user/wallets in 7 ms with status 200
2026-06-19 21:21:59 INFO  - ⬅️ Completed: GET /api/user/total-balance in 857 ms with status 200
2026-06-19 21:21:59 INFO  - ➡️ Incoming request: GET /api/user/total-balance
2026-06-19 21:21:59 INFO  - ⬅️ Completed: GET /api/user/total-balance in 33 ms with status 200
2026-06-19 21:22:02 INFO  - ➡️ Incoming request: GET /api/user/wallets
2026-06-19 21:22:02 INFO  - ⬅️ Completed: GET /api/user/wallets in 4 ms with status 200
2026-06-19 21:22:02 INFO  - ➡️ Incoming request: GET /api/user/wallets
2026-06-19 21:22:02 INFO  - ⬅️ Completed: GET /api/user/wallets in 4 ms with status 200
2026-06-19 21:22:02 INFO  - ➡️ Incoming request: GET /api/user/wallets
2026-06-19 21:22:02 INFO  - ⬅️ Completed: GET /api/user/wallets in 6 ms with status 200
2026-06-19 21:22:07 INFO  - ➡️ Incoming request: POST /api/wallet/33523328-74b7-46f7-ba2a-b188bd36d5de/deposit
2026-06-19 21:22:08 INFO  - ⬅️ Completed: POST /api/wallet/33523328-74b7-46f7-ba2a-b188bd36d5de/deposit in 110 ms with status 201
2026-06-19 21:22:08 INFO  - ➡️ Incoming request: GET /api/user/wallets
2026-06-19 21:22:08 INFO  - ⬅️ Completed: GET /api/user/wallets in 7 ms with status 200
2026-06-19 21:22:22 INFO  - ➡️ Incoming request: GET /api/user/wallets
2026-06-19 21:22:22 INFO  - ⬅️ Completed: GET /api/user/wallets in 5 ms with status 200
2026-06-19 21:22:26 INFO  - ➡️ Incoming request: POST /api/wallet/1f70c98a-ba3c-4e9d-b409-84052222c341/deposit
2026-06-19 21:22:26 INFO  - ⬅️ Completed: POST /api/wallet/1f70c98a-ba3c-4e9d-b409-84052222c341/deposit in 15 ms with status 201
2026-06-19 21:22:26 INFO  - ➡️ Incoming request: GET /api/user/wallets
2026-06-19 21:22:26 INFO  - ⬅️ Completed: GET /api/user/wallets in 5 ms with status 200
2026-06-19 21:22:28 INFO  - ➡️ Incoming request: GET /api/user/budget/all
2026-06-19 21:22:28 INFO  - ➡️ Incoming request: GET /api/user/total-balance
2026-06-19 21:22:28 INFO  - ➡️ Incoming request: GET /api/user/wallets
2026-06-19 21:22:28 INFO  - ➡️ Incoming request: GET /api/user/transactions
2026-06-19 21:22:28 INFO  - ⬅️ Completed: GET /api/user/budget/all in 4 ms with status 200
2026-06-19 21:22:28 INFO  - ⬅️ Completed: GET /api/user/wallets in 9 ms with status 200
2026-06-19 21:22:28 INFO  - ➡️ Incoming request: GET /api/user/budget/all
2026-06-19 21:22:29 INFO  - ⬅️ Completed: GET /api/user/budget/all in 5 ms with status 200
2026-06-19 21:22:29 INFO  - ➡️ Incoming request: GET /api/user/transactions
2026-06-19 21:22:29 INFO  - ➡️ Incoming request: GET /api/user/wallets
2026-06-19 21:22:29 INFO  - ⬅️ Completed: GET /api/user/wallets in 4 ms with status 200
2026-06-19 21:22:29 INFO  - ⬅️ Completed: GET /api/user/total-balance in 62 ms with status 200
2026-06-19 21:22:29 INFO  - ➡️ Incoming request: GET /api/user/total-balance
2026-06-19 21:22:29 INFO  - ⬅️ Completed: GET /api/user/total-balance in 27 ms with status 200
2026-06-19 21:22:38 INFO  - ➡️ Incoming request: GET /api/user/wallets
2026-06-19 21:22:38 INFO  - ⬅️ Completed: GET /api/user/wallets in 3 ms with status 200
2026-06-19 21:22:38 INFO  - ➡️ Incoming request: GET /api/user/wallets
2026-06-19 21:22:38 INFO  - ⬅️ Completed: GET /api/user/wallets in 4 ms with status 200
2026-06-19 21:22:38 INFO  - ➡️ Incoming request: GET /api/user/wallets
2026-06-19 21:22:38 INFO  - ⬅️ Completed: GET /api/user/wallets in 5 ms with status 200
2026-06-19 21:22:40 INFO  - ➡️ Incoming request: GET /api/user/transactions
2026-06-19 21:22:40 INFO  - ➡️ Incoming request: GET /api/user/wallets
2026-06-19 21:22:40 INFO  - ⬅️ Completed: GET /api/user/wallets in 4 ms with status 200
2026-06-19 21:22:40 INFO  - ➡️ Incoming request: GET /api/user/wallets
2026-06-19 21:22:40 INFO  - ⬅️ Completed: GET /api/user/wallets in 3 ms with status 200
2026-06-19 21:22:40 INFO  - ➡️ Incoming request: GET /api/user/transactions
2026-06-19 21:23:11 INFO  - ➡️ Incoming request: POST /api/wallet/exchange/1f70c98a-ba3c-4e9d-b409-84052222c341/33523328-74b7-46f7-ba2a-b188bd36d5de
2026-06-19 21:23:11 INFO  - ⬅️ Completed: POST /api/wallet/exchange/1f70c98a-ba3c-4e9d-b409-84052222c341/33523328-74b7-46f7-ba2a-b188bd36d5de in 142 ms with status 201
2026-06-19 21:23:11 INFO  - ➡️ Incoming request: GET /api/user/transactions
2026-06-19 21:23:17 INFO  - ➡️ Incoming request: GET /api/user/wallets
2026-06-19 21:23:17 INFO  - ⬅️ Completed: GET /api/user/wallets in 4 ms with status 200
2026-06-19 21:23:17 INFO  - ➡️ Incoming request: GET /api/user/wallets
2026-06-19 21:23:17 INFO  - ⬅️ Completed: GET /api/user/wallets in 6 ms with status 200
2026-06-19 21:23:17 INFO  - ➡️ Incoming request: GET /api/user/wallets
2026-06-19 21:23:17 INFO  - ⬅️ Completed: GET /api/user/wallets in 5 ms with status 200
2026-06-19 21:23:22 INFO  - ➡️ Incoming request: GET /api/user/budget/all
2026-06-19 21:23:22 INFO  - ⬅️ Completed: GET /api/user/budget/all in 4 ms with status 200
2026-06-19 21:23:22 INFO  - ➡️ Incoming request: GET /api/user/budget/all
2026-06-19 21:23:22 INFO  - ⬅️ Completed: GET /api/user/budget/all in 4 ms with status 200
2026-06-19 21:23:23 INFO  - ➡️ Incoming request: GET /api/user/wallets
2026-06-19 21:23:23 INFO  - ⬅️ Completed: GET /api/user/wallets in 4 ms with status 200
2026-06-19 21:23:23 INFO  - ➡️ Incoming request: GET /api/user/wallets
2026-06-19 21:23:23 INFO  - ⬅️ Completed: GET /api/user/wallets in 4 ms with status 200
2026-06-19 21:23:25 INFO  - ➡️ Incoming request: GET /api/user/wallets
2026-06-19 21:23:25 INFO  - ➡️ Incoming request: GET /api/user/transactions
2026-06-19 21:23:25 INFO  - ⬅️ Completed: GET /api/user/wallets in 4 ms with status 200
2026-06-19 21:23:25 INFO  - ➡️ Incoming request: GET /api/user/wallets
2026-06-19 21:23:25 INFO  - ➡️ Incoming request: GET /api/user/transactions
2026-06-19 21:23:25 INFO  - ⬅️ Completed: GET /api/user/wallets in 5 ms with status 200
2026-06-19 21:23:26 INFO  - ➡️ Incoming request: GET /api/user/wallets
2026-06-19 21:23:26 INFO  - ⬅️ Completed: GET /api/user/wallets in 4 ms with status 200
2026-06-19 21:23:26 INFO  - ➡️ Incoming request: GET /api/user/wallets
2026-06-19 21:23:26 INFO  - ⬅️ Completed: GET /api/user/wallets in 3 ms with status 200
2026-06-19 21:23:29 INFO  - ➡️ Incoming request: GET /api/user/wallets
2026-06-19 21:23:29 INFO  - ➡️ Incoming request: GET /api/user/transactions
2026-06-19 21:23:29 INFO  - ⬅️ Completed: GET /api/user/wallets in 4 ms with status 200
2026-06-19 21:23:29 INFO  - ➡️ Incoming request: GET /api/user/wallets
2026-06-19 21:23:29 INFO  - ➡️ Incoming request: GET /api/user/transactions
2026-06-19 21:23:29 INFO  - ⬅️ Completed: GET /api/user/wallets in 3 ms with status 200
2026-06-19 21:23:38 INFO  - ➡️ Incoming request: GET /api/user/transactions
2026-06-19 21:24:10 INFO  - ➡️ Incoming request: GET /api/user/transactions
2026-06-19 21:24:11 INFO  - ➡️ Incoming request: GET /api/user/transactions
2026-06-19 21:24:16 INFO  - ➡️ Incoming request: GET /api/user/transactions
2026-06-19 21:24:27 INFO  - ➡️ Incoming request: GET /api/user/wallets
2026-06-19 21:24:27 INFO  - ⬅️ Completed: GET /api/user/wallets in 3 ms with status 200
2026-06-19 21:24:27 INFO  - ➡️ Incoming request: GET /api/user/wallets
2026-06-19 21:24:27 INFO  - ⬅️ Completed: GET /api/user/wallets in 5 ms with status 200
2026-06-19 21:24:27 INFO  - ➡️ Incoming request: GET /api/user/wallets
2026-06-19 21:24:27 INFO  - ⬅️ Completed: GET /api/user/wallets in 5 ms with status 200
2026-06-19 21:24:28 INFO  - ➡️ Incoming request: GET /api/user/total-balance
2026-06-19 21:24:28 INFO  - ➡️ Incoming request: GET /api/user/wallets
2026-06-19 21:24:28 INFO  - ➡️ Incoming request: GET /api/user/transactions
2026-06-19 21:24:28 INFO  - ➡️ Incoming request: GET /api/user/budget/all
2026-06-19 21:24:28 INFO  - ⬅️ Completed: GET /api/user/budget/all in 4 ms with status 200
2026-06-19 21:24:28 INFO  - ⬅️ Completed: GET /api/user/wallets in 4 ms with status 200
2026-06-19 21:24:28 INFO  - ➡️ Incoming request: GET /api/user/budget/all
2026-06-19 21:24:28 INFO  - ➡️ Incoming request: GET /api/user/wallets
2026-06-19 21:24:28 INFO  - ➡️ Incoming request: GET /api/user/transactions
2026-06-19 21:24:28 INFO  - ⬅️ Completed: GET /api/user/budget/all in 3 ms with status 200
2026-06-19 21:24:28 INFO  - ⬅️ Completed: GET /api/user/wallets in 3 ms with status 200
2026-06-19 21:24:29 INFO  - ⬅️ Completed: GET /api/user/total-balance in 114 ms with status 200
2026-06-19 21:24:29 INFO  - ➡️ Incoming request: GET /api/user/total-balance
2026-06-19 21:24:29 INFO  - ⬅️ Completed: GET /api/user/total-balance in 33 ms with status 200
2026-06-19 21:24:32 INFO  - ➡️ Incoming request: GET /api/user/wallets
2026-06-19 21:24:32 INFO  - ⬅️ Completed: GET /api/user/wallets in 3 ms with status 200
2026-06-19 21:24:32 INFO  - ➡️ Incoming request: GET /api/user/wallets
2026-06-19 21:24:32 INFO  - ⬅️ Completed: GET /api/user/wallets in 2 ms with status 200
2026-06-19 21:24:33 INFO  - ➡️ Incoming request: GET /api/user/budget/all
2026-06-19 21:24:33 INFO  - ⬅️ Completed: GET /api/user/budget/all in 3 ms with status 200
2026-06-19 21:24:33 INFO  - ➡️ Incoming request: GET /api/user/budget/all
2026-06-19 21:24:33 INFO  - ⬅️ Completed: GET /api/user/budget/all in 3 ms with status 200
2026-06-19 21:24:33 INFO  - ➡️ Incoming request: GET /api/user/transactions
2026-06-19 21:24:33 INFO  - ➡️ Incoming request: GET /api/user/wallets
2026-06-19 21:24:33 INFO  - ⬅️ Completed: GET /api/user/wallets in 3 ms with status 200
2026-06-19 21:24:33 INFO  - ➡️ Incoming request: GET /api/user/wallets
2026-06-19 21:24:33 INFO  - ⬅️ Completed: GET /api/user/wallets in 3 ms with status 200
2026-06-19 21:24:33 INFO  - ➡️ Incoming request: GET /api/user/transactions
2026-06-19 21:25:23 INFO  - ➡️ Incoming request: GET /api/user/budget/all
2026-06-19 21:25:23 INFO  - ➡️ Incoming request: GET /api/user/wallets
2026-06-19 21:25:23 INFO  - ➡️ Incoming request: GET /api/user/transactions
2026-06-19 21:25:23 INFO  - ➡️ Incoming request: GET /api/user/total-balance
2026-06-19 21:25:23 INFO  - ⬅️ Completed: GET /api/user/budget/all in 4 ms with status 200
2026-06-19 21:25:23 INFO  - ⬅️ Completed: GET /api/user/wallets in 4 ms with status 200
2026-06-19 21:25:23 INFO  - ➡️ Incoming request: GET /api/user/wallets
2026-06-19 21:25:23 INFO  - ➡️ Incoming request: GET /api/user/budget/all
2026-06-19 21:25:23 INFO  - ➡️ Incoming request: GET /api/user/transactions
2026-06-19 21:25:23 INFO  - ⬅️ Completed: GET /api/user/budget/all in 7 ms with status 200
2026-06-19 21:25:23 INFO  - ⬅️ Completed: GET /api/user/wallets in 7 ms with status 200
2026-06-19 21:25:23 INFO  - ⬅️ Completed: GET /api/user/total-balance in 120 ms with status 200
2026-06-19 21:25:23 INFO  - ➡️ Incoming request: GET /api/user/total-balance
2026-06-19 21:25:23 INFO  - ⬅️ Completed: GET /api/user/total-balance in 28 ms with status 200
2026-06-19 21:47:44 INFO  - ➡️ Incoming request: GET /api/user/details
2026-06-19 21:47:44 INFO  - ⬅️ Completed: GET /api/user/details in 2 ms with status 200
2026-06-19 21:47:44 INFO  - ➡️ Incoming request: GET /api/user/details
2026-06-19 21:47:44 INFO  - ⬅️ Completed: GET /api/user/details in 2 ms with status 200
2026-06-19 21:47:44 INFO  - ➡️ Incoming request: GET /api/user/total-balance
2026-06-19 21:47:44 INFO  - ➡️ Incoming request: GET /api/user/wallets
2026-06-19 21:47:44 INFO  - ➡️ Incoming request: GET /api/user/budget/all
2026-06-19 21:47:44 INFO  - ➡️ Incoming request: GET /api/user/transactions
2026-06-19 21:47:44 INFO  - ⬅️ Completed: GET /api/user/wallets in 3 ms with status 200
2026-06-19 21:47:44 INFO  - ⬅️ Completed: GET /api/user/budget/all in 3 ms with status 200
2026-06-19 21:47:44 INFO  - ➡️ Incoming request: GET /api/user/wallets
2026-06-19 21:47:44 INFO  - ➡️ Incoming request: GET /api/user/budget/all
2026-06-19 21:47:44 INFO  - ⬅️ Completed: GET /api/user/wallets in 2 ms with status 200
2026-06-19 21:47:44 INFO  - ⬅️ Completed: GET /api/user/budget/all in 3 ms with status 200
2026-06-19 21:47:44 INFO  - ➡️ Incoming request: GET /api/user/transactions
2026-06-19 21:47:45 INFO  - ⬅️ Completed: GET /api/user/total-balance in 132 ms with status 200
2026-06-19 21:47:45 INFO  - ➡️ Incoming request: GET /api/user/total-balance
2026-06-19 21:47:45 INFO  - ⬅️ Completed: GET /api/user/total-balance in 30 ms with status 200
2026-06-19 21:56:36 INFO  - ➡️ Incoming request: POST /api/auth/login
2026-06-19 21:56:37 INFO  - ⬅️ Completed: POST /api/auth/login in 915 ms with status 404
2026-06-19 21:56:58 INFO  - ➡️ Incoming request: POST /api/user/register
2026-06-19 21:56:59 INFO  - ⬅️ Completed: POST /api/user/register in 646 ms with status 201
2026-06-19 21:57:15 INFO  - ➡️ Incoming request: POST /api/auth/login
2026-06-19 21:57:16 INFO  - ⬅️ Completed: POST /api/auth/login in 828 ms with status 200
2026-06-19 21:57:16 INFO  - ➡️ Incoming request: GET /api/user/details
2026-06-19 21:57:16 INFO  - ⬅️ Completed: GET /api/user/details in 8 ms with status 200
2026-06-19 21:57:16 INFO  - ➡️ Incoming request: GET /api/user/total-balance
2026-06-19 21:57:16 INFO  - ➡️ Incoming request: GET /api/user/wallets
2026-06-19 21:57:16 INFO  - ➡️ Incoming request: GET /api/user/budget/all
2026-06-19 21:57:16 INFO  - ➡️ Incoming request: GET /api/user/transactions
2026-06-19 21:57:16 INFO  - ⬅️ Completed: GET /api/user/total-balance in 25 ms with status 200
2026-06-19 21:57:16 INFO  - ⬅️ Completed: GET /api/user/wallets in 38 ms with status 200
2026-06-19 21:57:16 INFO  - ⬅️ Completed: GET /api/user/budget/all in 38 ms with status 200
2026-06-19 21:57:16 INFO  - ➡️ Incoming request: GET /api/user/total-balance
2026-06-19 21:57:16 INFO  - ⬅️ Completed: GET /api/user/total-balance in 12 ms with status 200
2026-06-19 21:57:16 INFO  - ➡️ Incoming request: GET /api/user/wallets
2026-06-19 21:57:16 INFO  - ➡️ Incoming request: GET /api/user/budget/all
2026-06-19 21:57:16 INFO  - ⬅️ Completed: GET /api/user/wallets in 10 ms with status 200
2026-06-19 21:57:16 INFO  - ⬅️ Completed: GET /api/user/budget/all in 10 ms with status 200
2026-06-19 21:57:16 INFO  - ⬅️ Completed: GET /api/user/transactions in 89 ms with status 200
2026-06-19 21:57:16 INFO  - ➡️ Incoming request: GET /api/user/transactions
2026-06-19 21:57:16 INFO  - ⬅️ Completed: GET /api/user/transactions in 15 ms with status 200
2026-06-19 21:57:25 INFO  - ➡️ Incoming request: GET /api/user/transactions
2026-06-19 21:57:25 INFO  - ➡️ Incoming request: GET /api/user/wallets
2026-06-19 21:57:25 INFO  - ⬅️ Completed: GET /api/user/wallets in 6 ms with status 200
2026-06-19 21:57:25 INFO  - ⬅️ Completed: GET /api/user/transactions in 9 ms with status 200
2026-06-19 21:57:25 INFO  - ➡️ Incoming request: GET /api/user/wallets
2026-06-19 21:57:25 INFO  - ➡️ Incoming request: GET /api/user/transactions
2026-06-19 21:57:25 INFO  - ⬅️ Completed: GET /api/user/wallets in 6 ms with status 200
2026-06-19 21:57:25 INFO  - ⬅️ Completed: GET /api/user/transactions in 12 ms with status 200
2026-06-19 21:57:27 INFO  - ➡️ Incoming request: GET /api/user/wallets
2026-06-19 21:57:27 INFO  - ⬅️ Completed: GET /api/user/wallets in 8 ms with status 200
2026-06-19 21:57:27 INFO  - ➡️ Incoming request: GET /api/user/wallets
2026-06-19 21:57:27 INFO  - ⬅️ Completed: GET /api/user/wallets in 7 ms with status 200
2026-06-19 21:57:29 INFO  - ➡️ Incoming request: POST /api/user/wallet/create
2026-06-19 21:57:29 INFO  - ⬅️ Completed: POST /api/user/wallet/create in 38 ms with status 201
2026-06-19 21:57:29 INFO  - ➡️ Incoming request: GET /api/user/wallets
2026-06-19 21:57:29 INFO  - ⬅️ Completed: GET /api/user/wallets in 12 ms with status 200
2026-06-19 21:57:29 INFO  - ➡️ Incoming request: GET /api/user/wallets
2026-06-19 21:57:29 INFO  - ⬅️ Completed: GET /api/user/wallets in 8 ms with status 200
2026-06-19 21:57:32 INFO  - ➡️ Incoming request: GET /api/user/total-balance
2026-06-19 21:57:32 INFO  - ➡️ Incoming request: GET /api/user/transactions
2026-06-19 21:57:32 INFO  - ➡️ Incoming request: GET /api/user/budget/all
2026-06-19 21:57:32 INFO  - ➡️ Incoming request: GET /api/user/wallets
2026-06-19 21:57:32 INFO  - ⬅️ Completed: GET /api/user/total-balance in 6 ms with status 200
2026-06-19 21:57:32 INFO  - ⬅️ Completed: GET /api/user/wallets in 8 ms with status 200
2026-06-19 21:57:32 INFO  - ⬅️ Completed: GET /api/user/budget/all in 9 ms with status 200
2026-06-19 21:57:32 INFO  - ⬅️ Completed: GET /api/user/transactions in 18 ms with status 200
2026-06-19 21:57:32 INFO  - ➡️ Incoming request: GET /api/user/total-balance
2026-06-19 21:57:32 INFO  - ⬅️ Completed: GET /api/user/total-balance in 11 ms with status 200
2026-06-19 21:57:32 INFO  - ➡️ Incoming request: GET /api/user/wallets
2026-06-19 21:57:32 INFO  - ➡️ Incoming request: GET /api/user/budget/all
2026-06-19 21:57:32 INFO  - ➡️ Incoming request: GET /api/user/transactions
2026-06-19 21:57:32 INFO  - ⬅️ Completed: GET /api/user/wallets in 11 ms with status 200
2026-06-19 21:57:32 INFO  - ⬅️ Completed: GET /api/user/budget/all in 11 ms with status 200
2026-06-19 21:57:32 INFO  - ⬅️ Completed: GET /api/user/transactions in 13 ms with status 200
2026-06-19 21:57:40 INFO  - ➡️ Incoming request: GET /api/user/wallets
2026-06-19 21:57:40 INFO  - ⬅️ Completed: GET /api/user/wallets in 5 ms with status 200
2026-06-19 21:57:40 INFO  - ➡️ Incoming request: GET /api/user/wallets
2026-06-19 21:57:40 INFO  - ⬅️ Completed: GET /api/user/wallets in 7 ms with status 200
2026-06-19 21:57:40 INFO  - ➡️ Incoming request: GET /api/user/wallets
2026-06-19 21:57:40 INFO  - ⬅️ Completed: GET /api/user/wallets in 7 ms with status 200
2026-06-19 22:00:24 INFO  - ➡️ Incoming request: GET /api/user/details
2026-06-19 22:00:24 INFO  - ⬅️ Completed: GET /api/user/details in 6 ms with status 200
2026-06-19 22:00:24 INFO  - ➡️ Incoming request: GET /api/user/details
2026-06-19 22:00:24 INFO  - ⬅️ Completed: GET /api/user/details in 5 ms with status 200
2026-06-19 22:00:24 INFO  - ➡️ Incoming request: GET /api/user/wallets
2026-06-19 22:00:24 INFO  - ⬅️ Completed: GET /api/user/wallets in 6 ms with status 200
2026-06-19 22:00:24 INFO  - ➡️ Incoming request: GET /api/user/wallets
2026-06-19 22:00:24 INFO  - ⬅️ Completed: GET /api/user/wallets in 5 ms with status 200
2026-06-19 22:00:24 INFO  - ➡️ Incoming request: GET /api/user/wallets
2026-06-19 22:00:24 INFO  - ⬅️ Completed: GET /api/user/wallets in 5 ms with status 200
2026-06-19 22:00:26 INFO  - ➡️ Incoming request: GET /api/user/transactions
2026-06-19 22:00:26 INFO  - ➡️ Incoming request: GET /api/user/total-balance
2026-06-19 22:00:26 INFO  - ➡️ Incoming request: GET /api/user/wallets
2026-06-19 22:00:26 INFO  - ➡️ Incoming request: GET /api/user/budget/all
2026-06-19 22:00:26 INFO  - ⬅️ Completed: GET /api/user/total-balance in 6 ms with status 200
2026-06-19 22:00:26 INFO  - ⬅️ Completed: GET /api/user/wallets in 7 ms with status 200
2026-06-19 22:00:26 INFO  - ⬅️ Completed: GET /api/user/budget/all in 7 ms with status 200
2026-06-19 22:00:26 INFO  - ⬅️ Completed: GET /api/user/transactions in 10 ms with status 200
2026-06-19 22:00:26 INFO  - ➡️ Incoming request: GET /api/user/total-balance
2026-06-19 22:00:26 INFO  - ➡️ Incoming request: GET /api/user/wallets
2026-06-19 22:00:26 INFO  - ➡️ Incoming request: GET /api/user/budget/all
2026-06-19 22:00:26 INFO  - ➡️ Incoming request: GET /api/user/transactions
2026-06-19 22:00:26 INFO  - ⬅️ Completed: GET /api/user/wallets in 6 ms with status 200
2026-06-19 22:00:26 INFO  - ⬅️ Completed: GET /api/user/total-balance in 9 ms with status 200
2026-06-19 22:00:26 INFO  - ⬅️ Completed: GET /api/user/budget/all in 10 ms with status 200
2026-06-19 22:00:26 INFO  - ⬅️ Completed: GET /api/user/transactions in 14 ms with status 200
2026-06-19 22:00:40 INFO  - ➡️ Incoming request: GET /api/user/wallets
2026-06-19 22:00:40 INFO  - ⬅️ Completed: GET /api/user/wallets in 7 ms with status 200
2026-06-19 22:00:40 INFO  - ➡️ Incoming request: GET /api/user/wallets
2026-06-19 22:00:40 INFO  - ⬅️ Completed: GET /api/user/wallets in 8 ms with status 200
2026-06-19 22:00:40 INFO  - ➡️ Incoming request: GET /api/user/wallets
2026-06-19 22:00:40 INFO  - ⬅️ Completed: GET /api/user/wallets in 8 ms with status 200
2026-06-19 22:00:53 INFO  - ➡️ Incoming request: GET /api/user/wallets
2026-06-19 22:00:53 INFO  - ➡️ Incoming request: GET /api/user/transactions
2026-06-19 22:00:53 INFO  - ⬅️ Completed: GET /api/user/wallets in 4 ms with status 200
2026-06-19 22:00:53 INFO  - ⬅️ Completed: GET /api/user/transactions in 6 ms with status 200
2026-06-19 22:00:53 INFO  - ➡️ Incoming request: GET /api/user/transactions
2026-06-19 22:00:53 INFO  - ➡️ Incoming request: GET /api/user/wallets
2026-06-19 22:00:53 INFO  - ⬅️ Completed: GET /api/user/wallets in 8 ms with status 200
2026-06-19 22:00:53 INFO  - ⬅️ Completed: GET /api/user/transactions in 11 ms with status 200
2026-06-19 22:00:58 INFO  - ➡️ Incoming request: GET /api/user/budget/all
2026-06-19 22:00:58 INFO  - ⬅️ Completed: GET /api/user/budget/all in 8 ms with status 200
2026-06-19 22:00:58 INFO  - ➡️ Incoming request: GET /api/user/budget/all
2026-06-19 22:00:58 INFO  - ⬅️ Completed: GET /api/user/budget/all in 5 ms with status 200
2026-06-19 22:00:59 INFO  - ➡️ Incoming request: GET /api/user/wallets
2026-06-19 22:00:59 INFO  - ⬅️ Completed: GET /api/user/wallets in 5 ms with status 200
2026-06-19 22:00:59 INFO  - ➡️ Incoming request: GET /api/user/wallets
2026-06-19 22:00:59 INFO  - ⬅️ Completed: GET /api/user/wallets in 6 ms with status 200
2026-06-19 22:01:57 INFO  - ➡️ Incoming request: GET /api/user/wallets
2026-06-19 22:01:57 INFO  - ⬅️ Completed: GET /api/user/wallets in 6 ms with status 200
2026-06-19 22:02:21 INFO  - ➡️ Incoming request: GET /api/user/wallets
2026-06-19 22:02:21 INFO  - ⬅️ Completed: GET /api/user/wallets in 7 ms with status 200
2026-06-19 22:03:28 INFO  - ➡️ Incoming request: GET /api/user/wallets
2026-06-19 22:03:28 INFO  - ➡️ Incoming request: GET /api/user/total-balance
2026-06-19 22:03:28 INFO  - ➡️ Incoming request: GET /api/user/details
2026-06-19 22:03:28 INFO  - ➡️ Incoming request: GET /api/user/budget/all
2026-06-19 22:03:28 INFO  - ⬅️ Completed: GET /api/user/total-balance in 34 ms with status 200
2026-06-19 22:03:28 INFO  - ⬅️ Completed: GET /api/user/wallets in 34 ms with status 200
2026-06-19 22:03:28 INFO  - ⬅️ Completed: GET /api/user/details in 34 ms with status 200
2026-06-19 22:03:28 INFO  - ⬅️ Completed: GET /api/user/budget/all in 11 ms with status 200
2026-06-19 22:03:28 INFO  - ➡️ Incoming request: GET /api/user/total-balance
2026-06-19 22:03:28 INFO  - ➡️ Incoming request: GET /api/user/details
2026-06-19 22:03:28 INFO  - ➡️ Incoming request: GET /api/user/wallets
2026-06-19 22:03:28 INFO  - ⬅️ Completed: GET /api/user/total-balance in 10 ms with status 200
2026-06-19 22:03:28 INFO  - ⬅️ Completed: GET /api/user/details in 6 ms with status 200
2026-06-19 22:03:28 INFO  - ➡️ Incoming request: GET /api/user/budget/all
2026-06-19 22:03:28 INFO  - ⬅️ Completed: GET /api/user/wallets in 9 ms with status 200
2026-06-19 22:03:28 INFO  - ⬅️ Completed: GET /api/user/budget/all in 60 ms with status 200
2026-06-19 22:03:32 INFO  - ➡️ Incoming request: GET /api/user/details
2026-06-19 22:03:32 INFO  - ⬅️ Completed: GET /api/user/details in 8 ms with status 200
2026-06-19 22:03:32 INFO  - ➡️ Incoming request: GET /api/user/details
2026-06-19 22:03:32 INFO  - ⬅️ Completed: GET /api/user/details in 4 ms with status 200
2026-06-19 22:03:32 INFO  - ➡️ Incoming request: GET /api/user/details
2026-06-19 22:03:32 INFO  - ➡️ Incoming request: GET /api/user/total-balance
2026-06-19 22:03:32 INFO  - ➡️ Incoming request: GET /api/user/wallets
2026-06-19 22:03:32 INFO  - ⬅️ Completed: GET /api/user/details in 3 ms with status 200
2026-06-19 22:03:32 INFO  - ➡️ Incoming request: GET /api/user/budget/all
2026-06-19 22:03:32 INFO  - ⬅️ Completed: GET /api/user/total-balance in 4 ms with status 200
2026-06-19 22:03:32 INFO  - ⬅️ Completed: GET /api/user/budget/all in 6 ms with status 200
2026-06-19 22:03:32 INFO  - ⬅️ Completed: GET /api/user/wallets in 7 ms with status 200
2026-06-19 22:03:32 INFO  - ➡️ Incoming request: GET /api/user/details
2026-06-19 22:03:32 INFO  - ➡️ Incoming request: GET /api/user/wallets
2026-06-19 22:03:32 INFO  - ⬅️ Completed: GET /api/user/details in 3 ms with status 200
2026-06-19 22:03:32 INFO  - ➡️ Incoming request: GET /api/user/budget/all
2026-06-19 22:03:32 INFO  - ➡️ Incoming request: GET /api/user/total-balance
2026-06-19 22:03:32 INFO  - ⬅️ Completed: GET /api/user/wallets in 4 ms with status 200
2026-06-19 22:03:32 INFO  - ⬅️ Completed: GET /api/user/budget/all in 8 ms with status 200
2026-06-19 22:03:32 INFO  - ⬅️ Completed: GET /api/user/total-balance in 9 ms with status 200
2026-06-19 22:03:42 INFO  - ➡️ Incoming request: GET /api/user/wallets
2026-06-19 22:03:42 INFO  - ⬅️ Completed: GET /api/user/wallets in 5 ms with status 200
2026-06-19 22:03:42 INFO  - ➡️ Incoming request: GET /api/user/wallets
2026-06-19 22:03:42 INFO  - ⬅️ Completed: GET /api/user/wallets in 5 ms with status 200
2026-06-19 22:03:46 INFO  - ➡️ Incoming request: GET /api/user/transactions
2026-06-19 22:03:46 INFO  - ⬅️ Completed: GET /api/user/transactions in 16 ms with status 200
2026-06-19 22:03:46 INFO  - ➡️ Incoming request: GET /api/user/transactions
2026-06-19 22:03:46 INFO  - ⬅️ Completed: GET /api/user/transactions in 10 ms with status 200
2026-06-19 22:03:48 INFO  - ➡️ Incoming request: GET /api/user/wallets
2026-06-19 22:03:48 INFO  - ⬅️ Completed: GET /api/user/wallets in 5 ms with status 200
2026-06-19 22:03:48 INFO  - ➡️ Incoming request: GET /api/user/wallets
2026-06-19 22:03:48 INFO  - ⬅️ Completed: GET /api/user/wallets in 4 ms with status 200
2026-06-19 22:03:53 INFO  - ➡️ Incoming request: GET /api/user/budget/all
2026-06-19 22:03:53 INFO  - ⬅️ Completed: GET /api/user/budget/all in 5 ms with status 200
2026-06-19 22:03:53 INFO  - ➡️ Incoming request: GET /api/user/budget/all
2026-06-19 22:03:53 INFO  - ⬅️ Completed: GET /api/user/budget/all in 6 ms with status 200
2026-06-19 22:03:56 INFO  - ➡️ Incoming request: GET /api/user/transactions
2026-06-19 22:03:56 INFO  - ⬅️ Completed: GET /api/user/transactions in 9 ms with status 200
2026-06-19 22:03:56 INFO  - ➡️ Incoming request: GET /api/user/transactions
2026-06-19 22:03:56 INFO  - ⬅️ Completed: GET /api/user/transactions in 10 ms with status 200
2026-06-19 22:04:02 INFO  - ➡️ Incoming request: GET /api/user/wallets
2026-06-19 22:04:02 INFO  - ⬅️ Completed: GET /api/user/wallets in 5 ms with status 200
2026-06-19 22:04:02 INFO  - ➡️ Incoming request: GET /api/user/wallets
2026-06-19 22:04:02 INFO  - ⬅️ Completed: GET /api/user/wallets in 5 ms with status 200
2026-06-19 22:04:05 INFO  - ➡️ Incoming request: GET /api/user/budget/all
2026-06-19 22:04:05 INFO  - ➡️ Incoming request: GET /api/user/total-balance
2026-06-19 22:04:05 INFO  - ➡️ Incoming request: GET /api/user/wallets
2026-06-19 22:04:05 INFO  - ➡️ Incoming request: GET /api/user/transactions
2026-06-19 22:04:05 INFO  - ⬅️ Completed: GET /api/user/wallets in 144 ms with status 200
2026-06-19 22:04:05 INFO  - ⬅️ Completed: GET /api/user/budget/all in 230 ms with status 200
2026-06-19 22:04:05 INFO  - ➡️ Incoming request: GET /api/user/wallets
2026-06-19 22:04:05 INFO  - ⬅️ Completed: GET /api/user/total-balance in 202 ms with status 200
2026-06-19 22:04:05 INFO  - ⬅️ Completed: GET /api/user/transactions in 58 ms with status 200
2026-06-19 22:04:05 INFO  - ⬅️ Completed: GET /api/user/wallets in 16 ms with status 200
2026-06-19 22:04:05 INFO  - ➡️ Incoming request: GET /api/user/budget/all
2026-06-19 22:04:05 INFO  - ⬅️ Completed: GET /api/user/budget/all in 5 ms with status 200
2026-06-19 22:04:05 INFO  - ➡️ Incoming request: GET /api/user/total-balance
2026-06-19 22:04:05 INFO  - ➡️ Incoming request: GET /api/user/transactions
2026-06-19 22:04:05 INFO  - ⬅️ Completed: GET /api/user/total-balance in 6 ms with status 200
2026-06-19 22:04:05 INFO  - ⬅️ Completed: GET /api/user/transactions in 10 ms with status 200
2026-06-19 22:04:18 INFO  - ➡️ Incoming request: GET /api/user/wallets
2026-06-19 22:04:18 INFO  - ⬅️ Completed: GET /api/user/wallets in 7 ms with status 200
2026-06-19 22:04:18 INFO  - ➡️ Incoming request: GET /api/user/wallets
2026-06-19 22:04:18 INFO  - ⬅️ Completed: GET /api/user/wallets in 4 ms with status 200
2026-06-19 22:04:37 INFO  - ➡️ Incoming request: GET /api/user/total-balance
2026-06-19 22:04:37 INFO  - ➡️ Incoming request: GET /api/user/wallets
2026-06-19 22:04:37 INFO  - ➡️ Incoming request: GET /api/user/transactions
2026-06-19 22:04:37 INFO  - ➡️ Incoming request: GET /api/user/budget/all
2026-06-19 22:04:37 INFO  - ⬅️ Completed: GET /api/user/total-balance in 6 ms with status 200
2026-06-19 22:04:37 INFO  - ⬅️ Completed: GET /api/user/budget/all in 5 ms with status 200
2026-06-19 22:04:37 INFO  - ⬅️ Completed: GET /api/user/wallets in 5 ms with status 200
2026-06-19 22:04:38 INFO  - ⬅️ Completed: GET /api/user/transactions in 10 ms with status 200
2026-06-19 22:04:38 INFO  - ➡️ Incoming request: GET /api/user/total-balance
2026-06-19 22:04:38 INFO  - ➡️ Incoming request: GET /api/user/budget/all
2026-06-19 22:04:38 INFO  - ➡️ Incoming request: GET /api/user/wallets
2026-06-19 22:04:38 INFO  - ➡️ Incoming request: GET /api/user/transactions
2026-06-19 22:04:38 INFO  - ⬅️ Completed: GET /api/user/total-balance in 5 ms with status 200
2026-06-19 22:04:38 INFO  - ⬅️ Completed: GET /api/user/wallets in 6 ms with status 200
2026-06-19 22:04:38 INFO  - ⬅️ Completed: GET /api/user/budget/all in 6 ms with status 200
2026-06-19 22:04:38 INFO  - ⬅️ Completed: GET /api/user/transactions in 10 ms with status 200
2026-06-19 22:04:46 INFO  - ➡️ Incoming request: GET /api/user/wallets
2026-06-19 22:04:46 INFO  - ⬅️ Completed: GET /api/user/wallets in 4 ms with status 200
2026-06-19 22:04:46 INFO  - ➡️ Incoming request: GET /api/user/wallets
2026-06-19 22:04:46 INFO  - ⬅️ Completed: GET /api/user/wallets in 5 ms with status 200
2026-06-19 22:04:52 INFO  - ➡️ Incoming request: GET /api/user/transactions
2026-06-19 22:04:52 INFO  - ⬅️ Completed: GET /api/user/transactions in 9 ms with status 200
2026-06-19 22:04:52 INFO  - ➡️ Incoming request: GET /api/user/transactions
2026-06-19 22:04:52 INFO  - ⬅️ Completed: GET /api/user/transactions in 11 ms with status 200
2026-06-19 22:05:48 INFO  - ➡️ Incoming request: GET /api/user/wallets
2026-06-19 22:05:48 INFO  - ⬅️ Completed: GET /api/user/wallets in 6 ms with status 200
2026-06-19 22:05:48 INFO  - ➡️ Incoming request: GET /api/user/wallets
2026-06-19 22:05:48 INFO  - ⬅️ Completed: GET /api/user/wallets in 4 ms with status 200
2026-06-19 22:05:51 INFO  - ➡️ Incoming request: GET /api/user/details
2026-06-19 22:05:51 INFO  - ⬅️ Completed: GET /api/user/details in 3 ms with status 200
2026-06-19 22:05:51 INFO  - ➡️ Incoming request: GET /api/user/details
2026-06-19 22:05:51 INFO  - ⬅️ Completed: GET /api/user/details in 3 ms with status 200
2026-06-19 22:05:51 INFO  - ➡️ Incoming request: GET /api/user/wallets
2026-06-19 22:05:51 INFO  - ⬅️ Completed: GET /api/user/wallets in 5 ms with status 200
2026-06-19 22:05:51 INFO  - ➡️ Incoming request: GET /api/user/wallets
2026-06-19 22:05:51 INFO  - ⬅️ Completed: GET /api/user/wallets in 4 ms with status 200
2026-06-19 22:05:53 INFO  - ➡️ Incoming request: GET /api/user/details
2026-06-19 22:05:53 INFO  - ⬅️ Completed: GET /api/user/details in 4 ms with status 200
2026-06-19 22:05:53 INFO  - ➡️ Incoming request: GET /api/user/details
2026-06-19 22:05:53 INFO  - ⬅️ Completed: GET /api/user/details in 4 ms with status 200
2026-06-19 22:05:53 INFO  - ➡️ Incoming request: GET /api/user/wallets
2026-06-19 22:05:53 INFO  - ⬅️ Completed: GET /api/user/wallets in 4 ms with status 200
2026-06-19 22:05:53 INFO  - ➡️ Incoming request: GET /api/user/wallets
2026-06-19 22:05:53 INFO  - ⬅️ Completed: GET /api/user/wallets in 5 ms with status 200
2026-06-19 22:05:54 INFO  - ➡️ Incoming request: GET /api/user/details
2026-06-19 22:05:54 INFO  - ⬅️ Completed: GET /api/user/details in 2 ms with status 200
2026-06-19 22:05:54 INFO  - ➡️ Incoming request: GET /api/user/details
2026-06-19 22:05:54 INFO  - ⬅️ Completed: GET /api/user/details in 3 ms with status 200
2026-06-19 22:05:54 INFO  - ➡️ Incoming request: GET /api/user/wallets
2026-06-19 22:05:54 INFO  - ⬅️ Completed: GET /api/user/wallets in 6 ms with status 200
2026-06-19 22:05:54 INFO  - ➡️ Incoming request: GET /api/user/wallets
2026-06-19 22:05:54 INFO  - ⬅️ Completed: GET /api/user/wallets in 5 ms with status 200
2026-06-19 22:06:12 INFO  - ➡️ Incoming request: POST /api/user/wallet/create
2026-06-19 22:06:12 INFO  - ⬅️ Completed: POST /api/user/wallet/create in 23 ms with status 201
2026-06-19 22:06:12 INFO  - ➡️ Incoming request: GET /api/user/wallets
2026-06-19 22:06:12 INFO  - ⬅️ Completed: GET /api/user/wallets in 7 ms with status 200
2026-06-19 22:07:03 INFO  - ➡️ Incoming request: POST /api/wallet/exchange/51fc0b31-1684-47fc-afad-12386c3d6d57/963ac059-c8cb-4127-8abc-2aa9b210fe00
2026-06-19 22:07:03 INFO  - ⬅️ Completed: POST /api/wallet/exchange/51fc0b31-1684-47fc-afad-12386c3d6d57/963ac059-c8cb-4127-8abc-2aa9b210fe00 in 51 ms with status 409
2026-06-19 22:07:22 INFO  - ➡️ Incoming request: POST /api/wallet/exchange/51fc0b31-1684-47fc-afad-12386c3d6d57/963ac059-c8cb-4127-8abc-2aa9b210fe00
2026-06-19 22:07:22 INFO  - ⬅️ Completed: POST /api/wallet/exchange/51fc0b31-1684-47fc-afad-12386c3d6d57/963ac059-c8cb-4127-8abc-2aa9b210fe00 in 21 ms with status 409
2026-06-19 22:07:23 INFO  - ➡️ Incoming request: POST /api/wallet/exchange/51fc0b31-1684-47fc-afad-12386c3d6d57/963ac059-c8cb-4127-8abc-2aa9b210fe00
2026-06-19 22:07:23 INFO  - ⬅️ Completed: POST /api/wallet/exchange/51fc0b31-1684-47fc-afad-12386c3d6d57/963ac059-c8cb-4127-8abc-2aa9b210fe00 in 14 ms with status 409
2026-06-19 22:07:24 INFO  - ➡️ Incoming request: POST /api/wallet/exchange/51fc0b31-1684-47fc-afad-12386c3d6d57/963ac059-c8cb-4127-8abc-2aa9b210fe00
2026-06-19 22:07:24 INFO  - ⬅️ Completed: POST /api/wallet/exchange/51fc0b31-1684-47fc-afad-12386c3d6d57/963ac059-c8cb-4127-8abc-2aa9b210fe00 in 11 ms with status 409
2026-06-19 22:07:29 INFO  - ➡️ Incoming request: GET /api/user/total-balance
2026-06-19 22:07:29 INFO  - ➡️ Incoming request: GET /api/user/budget/all
2026-06-19 22:07:29 INFO  - ➡️ Incoming request: GET /api/user/wallets
2026-06-19 22:07:29 INFO  - ➡️ Incoming request: GET /api/user/transactions
2026-06-19 22:07:29 INFO  - ⬅️ Completed: GET /api/user/budget/all in 6 ms with status 200
2026-06-19 22:07:29 INFO  - ⬅️ Completed: GET /api/user/wallets in 6 ms with status 200
2026-06-19 22:07:29 INFO  - ⬅️ Completed: GET /api/user/transactions in 10 ms with status 200
2026-06-19 22:07:29 INFO  - ➡️ Incoming request: GET /api/user/wallets
2026-06-19 22:07:29 INFO  - ➡️ Incoming request: GET /api/user/transactions
2026-06-19 22:07:29 INFO  - ➡️ Incoming request: GET /api/user/budget/all
2026-06-19 22:07:29 INFO  - ⬅️ Completed: GET /api/user/budget/all in 8 ms with status 200
2026-06-19 22:07:29 INFO  - ⬅️ Completed: GET /api/user/wallets in 13 ms with status 200
2026-06-19 22:07:29 INFO  - ⬅️ Completed: GET /api/user/transactions in 16 ms with status 200
2026-06-19 22:07:30 INFO  - ⬅️ Completed: GET /api/user/total-balance in 1345 ms with status 200
2026-06-19 22:07:30 INFO  - ➡️ Incoming request: GET /api/user/total-balance
2026-06-19 22:07:30 INFO  - ⬅️ Completed: GET /api/user/total-balance in 28 ms with status 200
2026-06-19 22:07:30 INFO  - ➡️ Incoming request: GET /api/user/wallets
2026-06-19 22:07:30 INFO  - ⬅️ Completed: GET /api/user/wallets in 4 ms with status 200
2026-06-19 22:07:30 INFO  - ➡️ Incoming request: GET /api/user/wallets
2026-06-19 22:07:30 INFO  - ⬅️ Completed: GET /api/user/wallets in 3 ms with status 200
2026-06-19 22:07:41 INFO  - ➡️ Incoming request: POST /api/wallet/51fc0b31-1684-47fc-afad-12386c3d6d57/withdraw
2026-06-19 22:07:41 INFO  - ⬅️ Completed: POST /api/wallet/51fc0b31-1684-47fc-afad-12386c3d6d57/withdraw in 12 ms with status 409
2026-06-19 22:07:53 INFO  - ➡️ Incoming request: POST /api/wallet/51fc0b31-1684-47fc-afad-12386c3d6d57/deposit
2026-06-19 22:07:53 INFO  - ⬅️ Completed: POST /api/wallet/51fc0b31-1684-47fc-afad-12386c3d6d57/deposit in 48 ms with status 201
2026-06-19 22:07:53 INFO  - ➡️ Incoming request: GET /api/user/wallets
2026-06-19 22:07:53 INFO  - ⬅️ Completed: GET /api/user/wallets in 6 ms with status 200
2026-06-19 22:07:57 INFO  - ➡️ Incoming request: GET /api/user/budget/all
2026-06-19 22:07:57 INFO  - ➡️ Incoming request: GET /api/user/details
2026-06-19 22:07:57 INFO  - ➡️ Incoming request: GET /api/user/total-balance
2026-06-19 22:07:57 INFO  - ➡️ Incoming request: GET /api/user/wallets
2026-06-19 22:07:57 INFO  - ⬅️ Completed: GET /api/user/budget/all in 3 ms with status 200
2026-06-19 22:07:57 INFO  - ⬅️ Completed: GET /api/user/details in 3 ms with status 200
2026-06-19 22:07:57 INFO  - ⬅️ Completed: GET /api/user/wallets in 3 ms with status 200
2026-06-19 22:07:57 INFO  - ➡️ Incoming request: GET /api/user/details
2026-06-19 22:07:57 INFO  - ➡️ Incoming request: GET /api/user/budget/all
2026-06-19 22:07:57 INFO  - ➡️ Incoming request: GET /api/user/wallets
2026-06-19 22:07:57 INFO  - ⬅️ Completed: GET /api/user/details in 3 ms with status 200
2026-06-19 22:07:57 INFO  - ⬅️ Completed: GET /api/user/budget/all in 4 ms with status 200
2026-06-19 22:07:57 INFO  - ⬅️ Completed: GET /api/user/wallets in 4 ms with status 200
2026-06-19 22:07:57 INFO  - ⬅️ Completed: GET /api/user/total-balance in 48 ms with status 200
2026-06-19 22:07:57 INFO  - ➡️ Incoming request: GET /api/user/total-balance
2026-06-19 22:07:57 INFO  - ⬅️ Completed: GET /api/user/total-balance in 42 ms with status 200
2026-06-19 22:08:02 INFO  - ➡️ Incoming request: GET /api/user/transactions
2026-06-19 22:08:03 INFO  - ⬅️ Completed: GET /api/user/transactions in 39 ms with status 200
2026-06-19 22:08:03 INFO  - ➡️ Incoming request: GET /api/user/transactions
2026-06-19 22:08:03 INFO  - ⬅️ Completed: GET /api/user/transactions in 8 ms with status 200
2026-06-19 22:08:07 INFO  - ➡️ Incoming request: GET /api/user/wallets
2026-06-19 22:08:07 INFO  - ➡️ Incoming request: GET /api/user/budget/all
2026-06-19 22:08:07 INFO  - ➡️ Incoming request: GET /api/user/total-balance
2026-06-19 22:08:07 INFO  - ➡️ Incoming request: GET /api/user/transactions
2026-06-19 22:08:07 INFO  - ⬅️ Completed: GET /api/user/wallets in 3 ms with status 200
2026-06-19 22:08:07 INFO  - ⬅️ Completed: GET /api/user/budget/all in 3 ms with status 200
2026-06-19 22:08:07 INFO  - ⬅️ Completed: GET /api/user/transactions in 9 ms with status 200
2026-06-19 22:08:07 INFO  - ➡️ Incoming request: GET /api/user/wallets
2026-06-19 22:08:07 INFO  - ➡️ Incoming request: GET /api/user/budget/all
2026-06-19 22:08:07 INFO  - ⬅️ Completed: GET /api/user/budget/all in 4 ms with status 200
2026-06-19 22:08:07 INFO  - ➡️ Incoming request: GET /api/user/transactions
2026-06-19 22:08:07 INFO  - ⬅️ Completed: GET /api/user/wallets in 4 ms with status 200
2026-06-19 22:08:07 INFO  - ⬅️ Completed: GET /api/user/transactions in 10 ms with status 200
2026-06-19 22:08:07 INFO  - ⬅️ Completed: GET /api/user/total-balance in 34 ms with status 200
2026-06-19 22:08:07 INFO  - ➡️ Incoming request: GET /api/user/total-balance
2026-06-19 22:08:07 INFO  - ⬅️ Completed: GET /api/user/total-balance in 39 ms with status 200
2026-06-19 22:08:15 INFO  - ➡️ Incoming request: GET /api/user/wallets
2026-06-19 22:08:15 INFO  - ⬅️ Completed: GET /api/user/wallets in 29 ms with status 200
2026-06-19 22:08:15 INFO  - ➡️ Incoming request: GET /api/user/wallets
2026-06-19 22:08:15 INFO  - ⬅️ Completed: GET /api/user/wallets in 11 ms with status 200
2026-06-19 22:08:19 INFO  - ➡️ Incoming request: GET /api/user/budget/all
2026-06-19 22:08:19 INFO  - ➡️ Incoming request: GET /api/user/wallets
2026-06-19 22:08:19 INFO  - ➡️ Incoming request: GET /api/user/total-balance
2026-06-19 22:08:19 INFO  - ➡️ Incoming request: GET /api/user/transactions
2026-06-19 22:08:19 INFO  - ⬅️ Completed: GET /api/user/budget/all in 4 ms with status 200
2026-06-19 22:08:19 INFO  - ⬅️ Completed: GET /api/user/wallets in 4 ms with status 200
2026-06-19 22:08:19 INFO  - ⬅️ Completed: GET /api/user/transactions in 10 ms with status 200
2026-06-19 22:08:19 INFO  - ➡️ Incoming request: GET /api/user/budget/all
2026-06-19 22:08:19 INFO  - ➡️ Incoming request: GET /api/user/wallets
2026-06-19 22:08:19 INFO  - ➡️ Incoming request: GET /api/user/transactions
2026-06-19 22:08:19 INFO  - ⬅️ Completed: GET /api/user/budget/all in 4 ms with status 200
2026-06-19 22:08:19 INFO  - ⬅️ Completed: GET /api/user/wallets in 4 ms with status 200
2026-06-19 22:08:19 INFO  - ⬅️ Completed: GET /api/user/transactions in 10 ms with status 200
2026-06-19 22:08:19 INFO  - ⬅️ Completed: GET /api/user/total-balance in 41 ms with status 200
2026-06-19 22:08:19 INFO  - ➡️ Incoming request: GET /api/user/total-balance
2026-06-19 22:08:19 INFO  - ⬅️ Completed: GET /api/user/total-balance in 34 ms with status 200
2026-06-19 22:08:20 INFO  - ➡️ Incoming request: GET /api/user/wallets
2026-06-19 22:08:20 INFO  - ⬅️ Completed: GET /api/user/wallets in 4 ms with status 200
2026-06-19 22:08:20 INFO  - ➡️ Incoming request: GET /api/user/wallets
2026-06-19 22:08:20 INFO  - ⬅️ Completed: GET /api/user/wallets in 4 ms with status 200
2026-06-19 22:08:20 INFO  - ➡️ Incoming request: GET /api/user/transactions
2026-06-19 22:08:20 INFO  - ⬅️ Completed: GET /api/user/transactions in 7 ms with status 200
2026-06-19 22:08:20 INFO  - ➡️ Incoming request: GET /api/user/transactions
2026-06-19 22:08:20 INFO  - ⬅️ Completed: GET /api/user/transactions in 7 ms with status 200
2026-06-19 22:08:27 INFO  - ➡️ Incoming request: GET /api/user/budget/all
2026-06-19 22:08:27 INFO  - ⬅️ Completed: GET /api/user/budget/all in 2 ms with status 200
2026-06-19 22:08:27 INFO  - ➡️ Incoming request: GET /api/user/budget/all
2026-06-19 22:08:27 INFO  - ⬅️ Completed: GET /api/user/budget/all in 4 ms with status 200
2026-06-19 22:08:31 INFO  - ➡️ Incoming request: GET /api/user/total-balance
2026-06-19 22:08:31 INFO  - ➡️ Incoming request: GET /api/user/wallets
2026-06-19 22:08:31 INFO  - ➡️ Incoming request: GET /api/user/budget/all
2026-06-19 22:08:31 INFO  - ➡️ Incoming request: GET /api/user/transactions
2026-06-19 22:08:31 INFO  - ⬅️ Completed: GET /api/user/budget/all in 2 ms with status 200
2026-06-19 22:08:31 INFO  - ⬅️ Completed: GET /api/user/wallets in 2 ms with status 200
2026-06-19 22:08:31 INFO  - ⬅️ Completed: GET /api/user/transactions in 7 ms with status 200
2026-06-19 22:08:31 INFO  - ➡️ Incoming request: GET /api/user/wallets
2026-06-19 22:08:31 INFO  - ➡️ Incoming request: GET /api/user/budget/all
2026-06-19 22:08:31 INFO  - ➡️ Incoming request: GET /api/user/transactions
2026-06-19 22:08:31 INFO  - ⬅️ Completed: GET /api/user/budget/all in 3 ms with status 200
2026-06-19 22:08:31 INFO  - ⬅️ Completed: GET /api/user/wallets in 3 ms with status 200
2026-06-19 22:08:31 INFO  - ⬅️ Completed: GET /api/user/transactions in 6 ms with status 200
2026-06-19 22:08:31 INFO  - ⬅️ Completed: GET /api/user/total-balance in 45 ms with status 200
2026-06-19 22:08:31 INFO  - ➡️ Incoming request: GET /api/user/total-balance
2026-06-19 22:08:31 INFO  - ⬅️ Completed: GET /api/user/total-balance in 38 ms with status 200
2026-06-19 22:08:33 INFO  - ➡️ Incoming request: GET /api/user/wallets
2026-06-19 22:08:33 INFO  - ⬅️ Completed: GET /api/user/wallets in 4 ms with status 200
2026-06-19 22:08:33 INFO  - ➡️ Incoming request: GET /api/user/wallets
2026-06-19 22:08:33 INFO  - ⬅️ Completed: GET /api/user/wallets in 4 ms with status 200
2026-06-19 22:08:46 INFO  - ➡️ Incoming request: POST /api/wallet/963ac059-c8cb-4127-8abc-2aa9b210fe00/deposit
2026-06-19 22:08:46 INFO  - ⬅️ Completed: POST /api/wallet/963ac059-c8cb-4127-8abc-2aa9b210fe00/deposit in 14 ms with status 201
2026-06-19 22:08:46 INFO  - ➡️ Incoming request: GET /api/user/wallets
2026-06-19 22:08:46 INFO  - ⬅️ Completed: GET /api/user/wallets in 4 ms with status 200
2026-06-19 22:08:51 INFO  - ➡️ Incoming request: GET /api/user/transactions
2026-06-19 22:08:51 INFO  - ➡️ Incoming request: GET /api/user/budget/all
2026-06-19 22:08:51 INFO  - ➡️ Incoming request: GET /api/user/total-balance
2026-06-19 22:08:51 INFO  - ➡️ Incoming request: GET /api/user/wallets
2026-06-19 22:08:51 INFO  - ⬅️ Completed: GET /api/user/budget/all in 4 ms with status 200
2026-06-19 22:08:51 INFO  - ⬅️ Completed: GET /api/user/wallets in 3 ms with status 200
2026-06-19 22:08:51 INFO  - ⬅️ Completed: GET /api/user/transactions in 7 ms with status 200
2026-06-19 22:08:51 INFO  - ➡️ Incoming request: GET /api/user/budget/all
2026-06-19 22:08:51 INFO  - ➡️ Incoming request: GET /api/user/transactions
2026-06-19 22:08:51 INFO  - ➡️ Incoming request: GET /api/user/wallets
2026-06-19 22:08:51 INFO  - ⬅️ Completed: GET /api/user/budget/all in 2 ms with status 200
2026-06-19 22:08:51 INFO  - ⬅️ Completed: GET /api/user/wallets in 3 ms with status 200
2026-06-19 22:08:51 INFO  - ⬅️ Completed: GET /api/user/transactions in 8 ms with status 200
2026-06-19 22:08:51 INFO  - ⬅️ Completed: GET /api/user/total-balance in 41 ms with status 200
2026-06-19 22:08:51 INFO  - ➡️ Incoming request: GET /api/user/total-balance
2026-06-19 22:08:51 INFO  - ⬅️ Completed: GET /api/user/total-balance in 33 ms with status 200
2026-06-19 22:09:02 INFO  - ➡️ Incoming request: GET /api/user/transactions
2026-06-19 22:09:02 INFO  - ⬅️ Completed: GET /api/user/transactions in 5 ms with status 200
2026-06-19 22:09:02 INFO  - ➡️ Incoming request: GET /api/user/transactions
2026-06-19 22:09:02 INFO  - ⬅️ Completed: GET /api/user/transactions in 10 ms with status 200
2026-06-19 22:09:05 INFO  - ➡️ Incoming request: GET /api/user/wallets
2026-06-19 22:09:05 INFO  - ⬅️ Completed: GET /api/user/wallets in 2 ms with status 200
2026-06-19 22:09:05 INFO  - ➡️ Incoming request: GET /api/user/wallets
2026-06-19 22:09:05 INFO  - ⬅️ Completed: GET /api/user/wallets in 3 ms with status 200
2026-06-19 22:09:16 INFO  - ➡️ Incoming request: POST /api/wallet/exchange/963ac059-c8cb-4127-8abc-2aa9b210fe00/51fc0b31-1684-47fc-afad-12386c3d6d57
2026-06-19 22:09:16 INFO  - ⬅️ Completed: POST /api/wallet/exchange/963ac059-c8cb-4127-8abc-2aa9b210fe00/51fc0b31-1684-47fc-afad-12386c3d6d57 in 58 ms with status 201
2026-06-19 22:09:17 INFO  - ➡️ Incoming request: GET /api/user/wallets
2026-06-19 22:09:17 INFO  - ⬅️ Completed: GET /api/user/wallets in 4 ms with status 200
2026-06-19 22:09:22 INFO  - ➡️ Incoming request: GET /api/user/transactions
2026-06-19 22:09:22 INFO  - ➡️ Incoming request: GET /api/user/wallets
2026-06-19 22:09:22 INFO  - ➡️ Incoming request: GET /api/user/budget/all
2026-06-19 22:09:22 INFO  - ➡️ Incoming request: GET /api/user/total-balance
2026-06-19 22:09:22 INFO  - ⬅️ Completed: GET /api/user/wallets in 2 ms with status 200
2026-06-19 22:09:22 INFO  - ⬅️ Completed: GET /api/user/budget/all in 2 ms with status 200
2026-06-19 22:09:22 INFO  - ⬅️ Completed: GET /api/user/transactions in 5 ms with status 200
2026-06-19 22:09:22 INFO  - ➡️ Incoming request: GET /api/user/wallets
2026-06-19 22:09:22 INFO  - ➡️ Incoming request: GET /api/user/budget/all
2026-06-19 22:09:22 INFO  - ➡️ Incoming request: GET /api/user/transactions
2026-06-19 22:09:22 INFO  - ⬅️ Completed: GET /api/user/budget/all in 3 ms with status 200
2026-06-19 22:09:22 INFO  - ⬅️ Completed: GET /api/user/wallets in 5 ms with status 200
2026-06-19 22:09:22 INFO  - ⬅️ Completed: GET /api/user/transactions in 11 ms with status 200
2026-06-19 22:09:22 INFO  - ⬅️ Completed: GET /api/user/total-balance in 90 ms with status 200
2026-06-19 22:09:22 INFO  - ➡️ Incoming request: GET /api/user/total-balance
2026-06-19 22:09:22 INFO  - ⬅️ Completed: GET /api/user/total-balance in 35 ms with status 200
2026-06-19 22:09:36 INFO  - ➡️ Incoming request: GET /api/user/budget/all
2026-06-19 22:09:36 INFO  - ⬅️ Completed: GET /api/user/budget/all in 2 ms with status 200
2026-06-19 22:09:36 INFO  - ➡️ Incoming request: GET /api/user/budget/all
2026-06-19 22:09:36 INFO  - ⬅️ Completed: GET /api/user/budget/all in 2 ms with status 200
2026-06-19 22:18:55 INFO  - ➡️ Incoming request: GET /api/user/total-balance
2026-06-19 22:18:55 INFO  - ➡️ Incoming request: GET /api/user/budget/all
2026-06-19 22:18:55 INFO  - ➡️ Incoming request: GET /api/user/wallets
2026-06-19 22:18:55 INFO  - ➡️ Incoming request: GET /api/user/transactions
2026-06-19 22:18:55 INFO  - ⬅️ Completed: GET /api/user/budget/all in 4 ms with status 200
2026-06-19 22:18:55 INFO  - ⬅️ Completed: GET /api/user/wallets in 4 ms with status 200
2026-06-19 22:18:55 INFO  - ⬅️ Completed: GET /api/user/transactions in 9 ms with status 200
2026-06-19 22:18:55 INFO  - ➡️ Incoming request: GET /api/user/budget/all
2026-06-19 22:18:55 INFO  - ➡️ Incoming request: GET /api/user/wallets
2026-06-19 22:18:55 INFO  - ⬅️ Completed: GET /api/user/budget/all in 3 ms with status 200
2026-06-19 22:18:55 INFO  - ⬅️ Completed: GET /api/user/wallets in 3 ms with status 200
2026-06-19 22:18:55 INFO  - ➡️ Incoming request: GET /api/user/transactions
2026-06-19 22:18:55 INFO  - ⬅️ Completed: GET /api/user/transactions in 7 ms with status 200
2026-06-19 22:18:55 INFO  - ⬅️ Completed: GET /api/user/total-balance in 212 ms with status 200
2026-06-19 22:18:55 INFO  - ➡️ Incoming request: GET /api/user/total-balance
2026-06-19 22:18:55 INFO  - ⬅️ Completed: GET /api/user/total-balance in 30 ms with status 200
2026-06-19 22:18:56 INFO  - ➡️ Incoming request: GET /api/user/wallets
2026-06-19 22:18:56 INFO  - ➡️ Incoming request: GET /api/user/total-balance
2026-06-19 22:18:56 INFO  - ➡️ Incoming request: GET /api/user/budget/all
2026-06-19 22:18:56 INFO  - ➡️ Incoming request: GET /api/user/details
2026-06-19 22:18:56 INFO  - ⬅️ Completed: GET /api/user/details in 2 ms with status 200
2026-06-19 22:18:56 INFO  - ⬅️ Completed: GET /api/user/budget/all in 2 ms with status 200
2026-06-19 22:18:56 INFO  - ⬅️ Completed: GET /api/user/wallets in 3 ms with status 200
2026-06-19 22:18:56 INFO  - ➡️ Incoming request: GET /api/user/wallets
2026-06-19 22:18:56 INFO  - ➡️ Incoming request: GET /api/user/details
2026-06-19 22:18:56 INFO  - ➡️ Incoming request: GET /api/user/budget/all
2026-06-19 22:18:56 INFO  - ⬅️ Completed: GET /api/user/details in 2 ms with status 200
2026-06-19 22:18:56 INFO  - ⬅️ Completed: GET /api/user/budget/all in 2 ms with status 200
2026-06-19 22:18:56 INFO  - ⬅️ Completed: GET /api/user/wallets in 3 ms with status 200
2026-06-19 22:18:56 INFO  - ⬅️ Completed: GET /api/user/total-balance in 37 ms with status 200
2026-06-19 22:18:56 INFO  - ➡️ Incoming request: GET /api/user/total-balance
2026-06-19 22:18:56 INFO  - ⬅️ Completed: GET /api/user/total-balance in 38 ms with status 200
2026-06-19 22:19:02 INFO  - ➡️ Incoming request: GET /api/user/budget/all
2026-06-19 22:19:02 INFO  - ⬅️ Completed: GET /api/user/budget/all in 3 ms with status 200
2026-06-19 22:19:02 INFO  - ➡️ Incoming request: GET /api/user/budget/all
2026-06-19 22:19:02 INFO  - ⬅️ Completed: GET /api/user/budget/all in 2 ms with status 200
2026-06-19 22:19:26 INFO  - ➡️ Incoming request: POST /api/user/budget/create
2026-06-19 22:23:07 INFO  - ➡️ Incoming request: POST /api/user/budget/create
2026-06-19 22:23:08 INFO  - ⬅️ Completed: POST /api/user/budget/create in 476 ms with status 400
2026-06-19 22:23:51 INFO  - ➡️ Incoming request: POST /api/user/budget/create
2026-06-19 22:23:51 INFO  - ⬅️ Completed: POST /api/user/budget/create in 80 ms with status 201
2026-06-19 22:23:51 INFO  - ➡️ Incoming request: GET /api/user/budget/all
2026-06-19 22:23:51 INFO  - ⬅️ Completed: GET /api/user/budget/all in 26 ms with status 200
2026-06-19 22:24:03 INFO  - ➡️ Incoming request: GET /api/user/wallets
2026-06-19 22:24:04 INFO  - ⬅️ Completed: GET /api/user/wallets in 27 ms with status 200
2026-06-19 22:24:04 INFO  - ➡️ Incoming request: GET /api/user/wallets
2026-06-19 22:24:04 INFO  - ⬅️ Completed: GET /api/user/wallets in 10 ms with status 200
2026-06-19 22:24:39 INFO  - ➡️ Incoming request: POST /api/user/make-payment
2026-06-19 22:24:39 INFO  - ⬅️ Completed: POST /api/user/make-payment in 25 ms with status 409
2026-06-19 22:24:58 INFO  - ➡️ Incoming request: POST /api/user/make-payment
2026-06-19 22:24:58 INFO  - ⬅️ Completed: POST /api/user/make-payment in 84 ms with status 201
2026-06-19 22:24:58 INFO  - ➡️ Incoming request: GET /api/user/wallets
2026-06-19 22:24:58 INFO  - ⬅️ Completed: GET /api/user/wallets in 12 ms with status 200
2026-06-19 22:25:06 INFO  - ➡️ Incoming request: GET /api/user/wallets
2026-06-19 22:25:06 INFO  - ➡️ Incoming request: GET /api/user/transactions
2026-06-19 22:25:06 INFO  - ➡️ Incoming request: GET /api/user/total-balance
2026-06-19 22:25:06 INFO  - ➡️ Incoming request: GET /api/user/budget/all
2026-06-19 22:25:06 INFO  - ⬅️ Completed: GET /api/user/wallets in 9 ms with status 200
2026-06-19 22:25:06 INFO  - ⬅️ Completed: GET /api/user/budget/all in 12 ms with status 200
2026-06-19 22:25:06 INFO  - ➡️ Incoming request: GET /api/user/wallets
2026-06-19 22:25:06 INFO  - ⬅️ Completed: GET /api/user/wallets in 11 ms with status 200
2026-06-19 22:25:06 INFO  - ➡️ Incoming request: GET /api/user/budget/all
2026-06-19 22:25:06 INFO  - ⬅️ Completed: GET /api/user/budget/all in 9 ms with status 200
2026-06-19 22:25:06 INFO  - ⬅️ Completed: GET /api/user/transactions in 66 ms with status 200
2026-06-19 22:25:06 INFO  - ➡️ Incoming request: GET /api/user/transactions
2026-06-19 22:25:06 INFO  - ⬅️ Completed: GET /api/user/transactions in 11 ms with status 200
2026-06-19 22:25:07 INFO  - ⬅️ Completed: GET /api/user/total-balance in 586 ms with status 200
2026-06-19 22:25:07 INFO  - ➡️ Incoming request: GET /api/user/total-balance
2026-06-19 22:25:07 INFO  - ⬅️ Completed: GET /api/user/total-balance in 35 ms with status 200
2026-06-19 22:25:15 INFO  - ➡️ Incoming request: GET /api/user/wallets
2026-06-19 22:25:15 INFO  - ⬅️ Completed: GET /api/user/wallets in 6 ms with status 200
2026-06-19 22:25:15 INFO  - ➡️ Incoming request: GET /api/user/wallets
2026-06-19 22:25:15 INFO  - ⬅️ Completed: GET /api/user/wallets in 10 ms with status 200
2026-06-19 22:25:15 INFO  - ➡️ Incoming request: GET /api/user/budget/all
2026-06-19 22:25:15 INFO  - ⬅️ Completed: GET /api/user/budget/all in 6 ms with status 200
2026-06-19 22:25:15 INFO  - ➡️ Incoming request: GET /api/user/budget/all
2026-06-19 22:25:15 INFO  - ⬅️ Completed: GET /api/user/budget/all in 8 ms with status 200
2026-06-19 22:25:43 INFO  - ➡️ Incoming request: GET /api/user/total-balance
2026-06-19 22:25:43 INFO  - ➡️ Incoming request: GET /api/user/wallets
2026-06-19 22:25:43 INFO  - ➡️ Incoming request: GET /api/user/budget/all
2026-06-19 22:25:43 INFO  - ➡️ Incoming request: GET /api/user/details
2026-06-19 22:25:43 INFO  - ⬅️ Completed: GET /api/user/details in 9 ms with status 200
2026-06-19 22:25:43 INFO  - ⬅️ Completed: GET /api/user/wallets in 12 ms with status 200
2026-06-19 22:25:43 INFO  - ⬅️ Completed: GET /api/user/budget/all in 12 ms with status 200
2026-06-19 22:25:43 INFO  - ➡️ Incoming request: GET /api/user/details
2026-06-19 22:25:43 INFO  - ➡️ Incoming request: GET /api/user/wallets
2026-06-19 22:25:43 INFO  - ➡️ Incoming request: GET /api/user/budget/all
2026-06-19 22:25:43 INFO  - ⬅️ Completed: GET /api/user/details in 9 ms with status 200
2026-06-19 22:25:43 INFO  - ⬅️ Completed: GET /api/user/wallets in 12 ms with status 200
2026-06-19 22:25:43 INFO  - ⬅️ Completed: GET /api/user/budget/all in 12 ms with status 200
2026-06-19 22:25:43 INFO  - ⬅️ Completed: GET /api/user/total-balance in 107 ms with status 200
2026-06-19 22:25:43 INFO  - ➡️ Incoming request: GET /api/user/total-balance
2026-06-19 22:25:43 INFO  - ⬅️ Completed: GET /api/user/total-balance in 36 ms with status 200
2026-06-19 22:25:49 INFO  - ➡️ Incoming request: GET /api/user/total-balance
2026-06-19 22:25:49 INFO  - ➡️ Incoming request: GET /api/user/budget/all
2026-06-19 22:25:49 INFO  - ➡️ Incoming request: GET /api/user/transactions
2026-06-19 22:25:49 INFO  - ➡️ Incoming request: GET /api/user/wallets
2026-06-19 22:25:49 INFO  - ⬅️ Completed: GET /api/user/budget/all in 6 ms with status 200
2026-06-19 22:25:49 INFO  - ⬅️ Completed: GET /api/user/wallets in 5 ms with status 200
2026-06-19 22:25:49 INFO  - ⬅️ Completed: GET /api/user/transactions in 13 ms with status 200
2026-06-19 22:25:49 INFO  - ➡️ Incoming request: GET /api/user/wallets
2026-06-19 22:25:49 INFO  - ➡️ Incoming request: GET /api/user/budget/all
2026-06-19 22:25:49 INFO  - ➡️ Incoming request: GET /api/user/transactions
2026-06-19 22:25:49 INFO  - ⬅️ Completed: GET /api/user/wallets in 12 ms with status 200
2026-06-19 22:25:49 INFO  - ⬅️ Completed: GET /api/user/budget/all in 12 ms with status 200
2026-06-19 22:25:49 INFO  - ⬅️ Completed: GET /api/user/total-balance in 37 ms with status 200
2026-06-19 22:25:49 INFO  - ⬅️ Completed: GET /api/user/transactions in 20 ms with status 200
2026-06-19 22:25:49 INFO  - ➡️ Incoming request: GET /api/user/total-balance
2026-06-19 22:25:49 INFO  - ⬅️ Completed: GET /api/user/total-balance in 40 ms with status 200
